0.00 0 0 0 0 0 0 0 0
0.10 0 0 2 80 2 80 0 0
0.20 0 0 6 6120 6 6120 0 0
0.30 0 0 14 18200 14 18200 0 0
0.40 7550 5 24 33300 19 25750 0 0
0.50 0 0 30 42360 30 42360 0 0
0.60 0 0 62 90680 62 90680 0 0
0.70 42280 28 126 187320 98 145040 0 0
0.80 15100 10 146 217520 136 202420 0 0
0.90 30200 20 254 380600 219 327750 15 22650
1.00 72480 48 388 582940 302 453080 38 57380
1.10 72480 48 529 795850 385 578410 96 144960
1.20 31710 21 636 957420 467 702230 148 223480
1.30 0 0 638 960440 490 736960 148 223480
1.40 0 0 644 969500 496 746020 148 223480
1.50 1510 1 654 984600 505 759610 148 223480
1.60 0 0 654 984600 506 761120 148 223480
1.70 0 0 669 1007250 521 783770 148 223480
1.80 0 0 692 1041980 544 818500 148 223480
1.90 12080 8 716 1078220 560 842660 148 223480
2.00 0 0 727 1094830 579 871350 148 223480
2.10 0 0 779 1173350 631 949870 148 223480
2.20 24160 16 842 1268480 678 1020840 148 223480
2.30 13590 9 879 1324350 722 1087280 148 223480
2.40 0 0 933 1405890 785 1182410 148 223480
2.50 27180 18 1028 1549340 862 1298680 148 223480
2.60 37750 25 1110 1673160 937 1411930 148 223480
2.70 46810 31 1199 1807550 1020 1537260 148 223480
2.80 73990 49 1302 1963080 1102 1661080 151 228010
2.90 72480 48 1384 2086900 1185 1786410 151 228010
3.00 16610 11 1430 2156360 1268 1911740 151 228010
3.10 0 0 1430 2156360 1279 1928350 151 228010
3.20 0 0 1434 2162400 1283 1934390 151 228010
3.30 0 0 1442 2174480 1291 1946470 151 228010
3.40 0 0 1449 2185050 1298 1957040 151 228010
3.50 0 0 1457 2197130 1306 1969120 151 228010
3.60 0 0 1487 2242430 1336 2014420 151 228010
3.70 13590 9 1541 2323970 1381 2082370 151 228010
3.80 28690 19 1579 2381350 1409 2124650 151 228010
3.90 0 0 1622 2446280 1471 2218270 151 228010
4.00 0 0 1698 2561040 1547 2333030 151 228010
4.10 0 0 1755 2647110 1604 2419100 151 228010
4.20 0 0 1814 2736200 1663 2508190 151 228010
4.30 0 0 1877 2831330 1726 2603320 151 228010
4.40 1510 1 1958 2953640 1806 2724120 151 228010
4.50 0 0 2020 3047260 1869 2819250 151 228010
4.60 1510 1 2085 3145410 1933 2915890 151 228010
4.70 1510 1 2152 3246580 2000 3017060 151 228010
4.80 1510 1 2234 3370400 2082 3140880 151 228010
4.90 1510 1 2302 3473080 2150 3243560 151 228010
5.00 1510 1 2372 3578780 2220 3349260 151 228010
5.10 1510 1 2444 3687500 2292 3457980 151 228010
5.20 1510 1 2527 3812830 2375 3583310 151 228010
5.30 1510 1 2601 3924570 2449 3695050 151 228010
5.40 1510 1 2677 4039330 2525 3809810 151 228010
5.50 1510 1 2754 4155600 2602 3926080 151 228010
5.60 3020 2 2838 4282440 2685 4051410 151 228010
5.70 3020 2 2917 4401730 2764 4170700 151 228010
5.80 1510 1 2997 4522530 2845 4293010 151 228010
5.90 1510 1 3080 4647860 2928 4418340 151 228010
6.00 3020 2 3164 4774700 3011 4543670 151 228010
6.10 6040 4 3248 4901540 3093 4667490 151 228010
6.20 7550 5 3332 5028380 3176 4792820 151 228010
6.30 9060 6 3416 5155220 3259 4918150 151 228010
6.40 12080 8 3501 5283570 3342 5043480 151 228010
6.50 13590 9 3585 5410410 3425 5168810 151 228010
6.60 18120 12 3670 5538760 3507 5292630 151 228010
6.70 18120 12 3753 5664090 3590 5417960 151 228010
6.80 19630 13 3837 5790930 3673 5543290 151 228010
6.90 22650 15 3922 5919280 3756 5668620 151 228010
7.00 25670 17 4006 6046120 3838 5792440 151 228010
7.10 25670 17 4089 6171450 3921 5917770 151 228010
7.20 28690 19 4174 6299800 4004 6043100 151 228010
7.30 30200 20 4258 6426640 4087 6168430 151 228010
7.40 31710 21 4342 6553480 4170 6293760 151 228010
7.50 36240 24 4427 6681830 4252 6417580 151 228010
7.60 36240 24 4510 6807160 4335 6542910 151 228010
7.70 37750 25 4594 6934000 4418 6668240 151 228010
7.80 39260 26 4678 7060840 4501 6793570 151 228010
7.90 40770 27 4762 7187680 4584 6918900 151 228010
8.00 45300 30 4847 7316030 4666 7042720 151 228010
8.10 45300 30 4930 7441360 4749 7168050 151 228010
8.20 46810 31 5014 7568200 4832 7293380 151 228010
8.30 48320 32 5098 7695040 4915 7418710 151 228010
8.40 51340 34 5182 7821880 4997 7542530 151 228010
8.50 52850 35 5266 7948720 5080 7667860 151 228010
8.60 54360 36 5350 8075560 5163 7793190 151 228010
8.70 55870 37 5434 8202400 5246 7918520 151 228010
8.80 57380 38 5518 8329240 5329 8043850 151 228010
8.90 58890 39 5601 8454570 5411 8167670 151 228010
9.00 60400 40 5685 8581410 5494 8293000 151 228010
9.10 61910 41 5769 8708250 5577 8418330 151 228010
9.20 63420 42 5853 8835090 5660 8543660 151 228010
9.30 66440 44 5937 8961930 5742 8667480 151 228010
9.40 67950 45 6021 9088770 5825 8792810 151 228010
9.50 69460 46 6105 9215610 5908 8918140 151 228010
9.60 70970 47 6189 9342450 5991 9043470 151 228010
9.70 72480 48 6273 9469290 6074 9168800 151 228010
9.80 73990 49 6357 9596130 6156 9292620 152 229520
9.90 72480 48 6440 9721460 6239 9417950 153 231030
10.00 25670 17 6492 9799980 6322 9543280 153 231030
10.10 0 0 6536 9866420 6383 9635390 153 231030
10.20 0 0 6538 9869440 6385 9638410 153 231030
10.30 0 0 6544 9878500 6391 9647470 153 231030
10.40 0 0 6548 9884540 6395 9653510 153 231030
10.50 0 0 6564 9908700 6411 9677670 153 231030
10.60 1510 1 6582 9935880 6428 9703340 153 231030
10.70 18120 12 6628 10005340 6463 9756190 153 231030
10.80 0 0 6660 10053660 6507 9822630 153 231030
10.90 4530 3 6739 10172950 6583 9937390 153 231030
11.00 3020 2 6791 10251470 6636 10017420 153 231030
11.10 0 0 6845 10333010 6692 10101980 153 231030
11.20 0 0 6903 10420590 6750 10189560 153 231030
11.30 3020 2 6986 10545920 6831 10311870 153 231030
11.40 1510 1 7044 10633500 6890 10400960 153 231030
11.50 0 0 7104 10724100 6951 10493070 153 231030
11.60 0 0 7167 10819230 7014 10588200 153 231030
11.70 3020 2 7252 10947580 7097 10713530 153 231030
11.80 1510 1 7316 11044220 7162 10811680 153 231030
11.90 0 0 7382 11143880 7229 10912850 153 231030
12.00 0 0 7451 11248070 7298 11017040 153 231030
12.10 3020 2 7536 11376420 7381 11142370 153 231030
12.20 1510 1 7606 11482120 7452 11249580 153 231030
12.30 0 0 7678 11590840 7525 11359810 153 231030
12.40 0 0 7753 11704090 7600 11473060 153 231030
12.50 3020 2 7838 11832440 7683 11598390 153 231030
12.60 1510 1 7914 11947200 7760 11714660 153 231030
12.70 0 0 7992 12064980 7839 11833950 153 231030
12.80 0 0 8073 12187290 7920 11956260 153 231030
12.90 3020 2 8158 12315640 8003 12081590 153 231030
13.00 1510 1 8240 12439460 8086 12206920 153 231030
13.10 4530 3 8324 12566300 8168 12330740 153 231030
13.20 6040 4 8408 12693140 8251 12456070 153 231030
13.30 9060 6 8493 12821490 8334 12581400 153 231030
13.40 10570 7 8577 12948330 8417 12706730 153 231030
13.50 13590 9 8661 13075170 8499 12830550 153 231030
13.60 16610 11 8746 13203520 8582 12955880 153 231030
13.70 16610 11 8829 13328850 8665 13081210 153 231030
13.80 18120 12 8913 13455690 8748 13206540 153 231030
13.90 21140 14 8998 13584040 8831 13331870 153 231030
14.00 24160 16 9082 13710880 8913 13455690 153 231030
14.10 24160 16 9165 13836210 8996 13581020 153 231030
14.20 27180 18 9250 13964560 9079 13706350 153 231030
14.30 28690 19 9334 14091400 9162 13831680 153 231030
14.40 30200 20 9418 14218240 9245 13957010 153 231030
14.50 34730 23 9503 14346590 9327 14080830 153 231030
14.60 34730 23 9586 14471920 9410 14206160 153 231030
14.70 36240 24 9670 14598760 9493 14331490 153 231030
14.80 39260 26 9755 14727110 9576 14456820 153 231030
14.90 42280 28 9839 14853950 9658 14580640 153 231030
15.00 42280 28 9922 14979280 9741 14705970 153 231030
15.10 43790 29 10006 15106120 9824 14831300 153 231030
15.20 45300 30 10090 15232960 9907 14956630 153 231030
15.30 48320 32 10175 15361310 9990 15081960 153 231030
15.40 49830 33 10258 15486640 10072 15205780 153 231030
15.50 51340 34 10342 15613480 10155 15331110 153 231030
15.60 52850 35 10426 15740320 10238 15456440 153 231030
15.70 54360 36 10510 15867160 10321 15581770 153 231030
15.80 57380 38 10594 15994000 10403 15705590 153 231030
15.90 57380 38 10677 16119330 10486 15830920 153 231030
16.00 60400 40 10762 16247680 10569 15956250 153 231030
16.10 61910 41 10846 16374520 10652 16081580 153 231030
16.20 63420 42 10930 16501360 10735 16206910 153 231030
16.30 64930 43 11013 16626690 10817 16330730 153 231030
16.40 66440 44 11097 16753530 10900 16456060 153 231030
16.50 66440 44 11180 16878860 10983 16581390 153 231030
16.60 69460 46 11265 17007210 11066 16706720 153 231030
16.70 70970 47 11348 17132540 11148 16830540 153 231030
16.80 73990 49 11433 17260890 11231 16955870 153 231030
16.90 72480 48 11515 17384710 11314 17081200 153 231030
17.00 72480 48 11600 17513060 11397 17206530 155 234050
17.10 72480 48 11683 17638390 11480 17331860 155 234050
17.20 0 0 11693 17653490 11538 17419440 155 234050
17.30 0 0 11695 17656510 11540 17422460 155 234050
17.40 0 0 11697 17659530 11542 17425480 155 234050
17.50 0 0 11705 17671610 11550 17437560 155 234050
17.60 0 0 11721 17695770 11566 17461720 155 234050
17.70 18120 12 11745 17732010 11578 17479840 155 234050
17.80 0 0 11753 17744090 11598 17510040 155 234050
17.90 0 0 11800 17815060 11645 17581010 155 234050
18.00 0 0 11836 17869420 11681 17635370 155 234050
18.10 1510 1 11854 17896600 11698 17661040 155 234050
18.20 0 0 11873 17925290 11718 17691240 155 234050
18.30 0 0 11911 17982670 11756 17748620 155 234050
18.40 0 0 11950 18041560 11795 17807510 155 234050
18.50 1510 1 11972 18074780 11816 17839220 155 234050
18.60 0 0 11990 18101960 11835 17867910 155 234050
18.70 0 0 12031 18163870 11876 17929820 155 234050
18.80 0 0 12073 18227290 11918 17993240 155 234050
18.90 1510 1 12100 18268060 11944 18032500 155 234050
19.00 0 0 12116 18292220 11961 18058170 155 234050
19.10 0 0 12160 18358660 12005 18124610 155 234050
19.20 0 0 12205 18426610 12050 18192560 155 234050
19.30 1510 1 12236 18473420 12080 18237860 155 234050
19.40 0 0 12255 18502110 12100 18268060 155 234050
19.50 0 0 12298 18567040 12143 18332990 155 234050
19.60 0 0 12346 18639520 12191 18405470 155 234050
19.70 1510 1 12382 18693880 12226 18458320 155 234050
19.80 0 0 12404 18727100 12249 18493050 155 234050
19.90 0 0 12445 18789010 12290 18554960 155 234050
20.00 0 0 12496 18866020 12341 18631970 155 234050
20.10 1510 1 12537 18927930 12381 18692370 155 234050
20.20 0 0 12562 18965680 12407 18731630 155 234050
20.30 0 0 12601 19024570 12446 18790520 155 234050
20.40 0 0 12655 19106110 12500 18872060 155 234050
20.50 1510 1 12700 19174060 12544 18938500 155 234050
20.60 0 0 12728 19216340 12573 18982290 155 234050
20.70 0 0 12766 19273720 12611 19039670 155 234050
20.80 0 0 12823 19359790 12668 19125740 155 234050
20.90 1510 1 12873 19435290 12717 19199730 155 234050
21.00 0 0 12904 19482100 12749 19248050 155 234050
21.10 0 0 12940 19536460 12785 19302410 155 234050
21.20 0 0 13000 19627060 12845 19393010 155 234050
21.30 1510 1 13055 19710110 12899 19474550 155 234050
21.40 0 0 13089 19761450 12934 19527400 155 234050
21.50 0 0 13124 19814300 12969 19580250 155 234050
21.60 0 0 13186 19907920 13031 19673870 155 234050
21.70 1510 1 13245 19997010 13089 19761450 155 234050
21.80 0 0 13282 20052880 13127 19818830 155 234050
21.90 0 0 13321 20111770 13166 19877720 155 234050
22.00 0 0 13381 20202370 13226 19968320 155 234050
22.10 1510 1 13445 20299010 13289 20063450 155 234050
22.20 0 0 13485 20359410 13330 20125360 155 234050
22.30 0 0 13527 20422830 13372 20188780 155 234050
22.40 0 0 13585 20510410 13430 20276360 155 234050
22.50 1510 1 13653 20613090 13497 20377530 155 234050
22.60 0 0 13655 20616110 13500 20382060 155 234050
22.70 0 0 13655 20616110 13500 20382060 155 234050
22.80 0 0 13655 20616110 13500 20382060 155 234050
22.90 0 0 13655 20616110 13500 20382060 155 234050
23.00 0 0 13655 20616110 13500 20382060 155 234050
23.10 0 0 13655 20616110 13500 20382060 155 234050
23.20 0 0 13655 20616110 13500 20382060 155 234050
23.30 0 0 13655 20616110 13500 20382060 155 234050
23.40 0 0 13655 20616110 13500 20382060 155 234050
23.50 0 0 13655 20616110 13500 20382060 155 234050
23.60 0 0 13655 20616110 13500 20382060 155 234050
23.70 0 0 13655 20616110 13500 20382060 155 234050
23.80 0 0 13655 20616110 13500 20382060 155 234050
23.90 0 0 13655 20616110 13500 20382060 155 234050
24.00 0 0 13655 20616110 13500 20382060 155 234050
24.10 0 0 13655 20616110 13500 20382060 155 234050
24.20 0 0 13655 20616110 13500 20382060 155 234050
24.30 0 0 13655 20616110 13500 20382060 155 234050
24.40 0 0 13655 20616110 13500 20382060 155 234050
24.50 0 0 13655 20616110 13500 20382060 155 234050
24.60 0 0 13655 20616110 13500 20382060 155 234050
24.70 0 0 13655 20616110 13500 20382060 155 234050
24.80 0 0 13655 20616110 13500 20382060 155 234050
24.90 0 0 13655 20616110 13500 20382060 155 234050
25.00 0 0 13655 20616110 13500 20382060 155 234050
25.10 0 0 13655 20616110 13500 20382060 155 234050
25.20 0 0 13655 20616110 13500 20382060 155 234050
25.30 0 0 13655 20616110 13500 20382060 155 234050
25.40 0 0 13655 20616110 13500 20382060 155 234050
25.50 0 0 13655 20616110 13500 20382060 155 234050
25.60 0 0 13655 20616110 13500 20382060 155 234050
25.70 0 0 13655 20616110 13500 20382060 155 234050
25.80 0 0 13655 20616110 13500 20382060 155 234050
25.90 0 0 13655 20616110 13500 20382060 155 234050
26.00 0 0 13655 20616110 13500 20382060 155 234050
26.10 0 0 13655 20616110 13500 20382060 155 234050
26.20 0 0 13655 20616110 13500 20382060 155 234050
26.30 0 0 13655 20616110 13500 20382060 155 234050
26.40 0 0 13655 20616110 13500 20382060 155 234050
26.50 0 0 13655 20616110 13500 20382060 155 234050
26.60 0 0 13655 20616110 13500 20382060 155 234050
26.70 0 0 13655 20616110 13500 20382060 155 234050
26.80 0 0 13655 20616110 13500 20382060 155 234050
26.90 0 0 13655 20616110 13500 20382060 155 234050
27.00 0 0 13655 20616110 13500 20382060 155 234050
27.10 0 0 13655 20616110 13500 20382060 155 234050
27.20 0 0 13655 20616110 13500 20382060 155 234050
27.30 0 0 13655 20616110 13500 20382060 155 234050
27.40 0 0 13655 20616110 13500 20382060 155 234050
27.50 0 0 13655 20616110 13500 20382060 155 234050
27.60 0 0 13655 20616110 13500 20382060 155 234050
27.70 0 0 13655 20616110 13500 20382060 155 234050
27.80 0 0 13655 20616110 13500 20382060 155 234050
27.90 0 0 13655 20616110 13500 20382060 155 234050
28.00 0 0 13655 20616110 13500 20382060 155 234050
28.10 0 0 13655 20616110 13500 20382060 155 234050
28.20 0 0 13655 20616110 13500 20382060 155 234050
28.30 0 0 13655 20616110 13500 20382060 155 234050
28.40 0 0 13655 20616110 13500 20382060 155 234050
28.50 0 0 13655 20616110 13500 20382060 155 234050
28.60 0 0 13655 20616110 13500 20382060 155 234050
28.70 0 0 13655 20616110 13500 20382060 155 234050
28.80 0 0 13655 20616110 13500 20382060 155 234050
28.90 0 0 13655 20616110 13500 20382060 155 234050
29.00 0 0 13655 20616110 13500 20382060 155 234050
29.10 0 0 13655 20616110 13500 20382060 155 234050
29.20 0 0 13655 20616110 13500 20382060 155 234050
29.30 0 0 13655 20616110 13500 20382060 155 234050
29.40 0 0 13655 20616110 13500 20382060 155 234050
29.50 0 0 13655 20616110 13500 20382060 155 234050
29.60 0 0 13655 20616110 13500 20382060 155 234050
29.70 0 0 13655 20616110 13500 20382060 155 234050
29.80 0 0 13655 20616110 13500 20382060 155 234050
29.90 0 0 13655 20616110 13500 20382060 155 234050
30.00 0 0 13655 20616110 13500 20382060 155 234050
30.10 0 0 13655 20616110 13500 20382060 155 234050
30.20 0 0 13655 20616110 13500 20382060 155 234050
30.30 0 0 13655 20616110 13500 20382060 155 234050
30.40 0 0 13655 20616110 13500 20382060 155 234050
30.50 0 0 13655 20616110 13500 20382060 155 234050
30.60 0 0 13655 20616110 13500 20382060 155 234050
30.70 0 0 13655 20616110 13500 20382060 155 234050
30.80 0 0 13655 20616110 13500 20382060 155 234050
30.90 0 0 13655 20616110 13500 20382060 155 234050
31.00 0 0 13655 20616110 13500 20382060 155 234050
31.10 0 0 13655 20616110 13500 20382060 155 234050
31.20 0 0 13655 20616110 13500 20382060 155 234050
31.30 0 0 13655 20616110 13500 20382060 155 234050
31.40 0 0 13655 20616110 13500 20382060 155 234050
31.50 0 0 13655 20616110 13500 20382060 155 234050
31.60 0 0 13655 20616110 13500 20382060 155 234050
31.70 0 0 13655 20616110 13500 20382060 155 234050
31.80 0 0 13655 20616110 13500 20382060 155 234050
31.90 0 0 13655 20616110 13500 20382060 155 234050
32.00 0 0 13655 20616110 13500 20382060 155 234050
32.10 0 0 13655 20616110 13500 20382060 155 234050
32.20 0 0 13655 20616110 13500 20382060 155 234050
32.30 0 0 13655 20616110 13500 20382060 155 234050
32.40 0 0 13655 20616110 13500 20382060 155 234050
32.50 0 0 13655 20616110 13500 20382060 155 234050
32.60 0 0 13655 20616110 13500 20382060 155 234050
32.70 0 0 13655 20616110 13500 20382060 155 234050
32.80 0 0 13655 20616110 13500 20382060 155 234050
32.90 0 0 13655 20616110 13500 20382060 155 234050
33.00 0 0 13655 20616110 13500 20382060 155 234050
33.10 0 0 13655 20616110 13500 20382060 155 234050
33.20 0 0 13655 20616110 13500 20382060 155 234050
33.30 0 0 13655 20616110 13500 20382060 155 234050
33.40 0 0 13655 20616110 13500 20382060 155 234050
33.50 0 0 13655 20616110 13500 20382060 155 234050
33.60 0 0 13655 20616110 13500 20382060 155 234050
33.70 0 0 13655 20616110 13500 20382060 155 234050
33.80 0 0 13655 20616110 13500 20382060 155 234050
33.90 0 0 13655 20616110 13500 20382060 155 234050
34.00 0 0 13655 20616110 13500 20382060 155 234050
34.10 0 0 13655 20616110 13500 20382060 155 234050
34.20 0 0 13655 20616110 13500 20382060 155 234050
34.30 0 0 13655 20616110 13500 20382060 155 234050
34.40 0 0 13655 20616110 13500 20382060 155 234050
34.50 0 0 13655 20616110 13500 20382060 155 234050
34.60 0 0 13655 20616110 13500 20382060 155 234050
34.70 0 0 13655 20616110 13500 20382060 155 234050
34.80 0 0 13655 20616110 13500 20382060 155 234050
34.90 0 0 13655 20616110 13500 20382060 155 234050
35.00 0 0 13655 20616110 13500 20382060 155 234050
35.10 0 0 13655 20616110 13500 20382060 155 234050
35.20 0 0 13655 20616110 13500 20382060 155 234050
35.30 0 0 13655 20616110 13500 20382060 155 234050
35.40 0 0 13655 20616110 13500 20382060 155 234050
35.50 0 0 13655 20616110 13500 20382060 155 234050
35.60 0 0 13655 20616110 13500 20382060 155 234050
35.70 0 0 13655 20616110 13500 20382060 155 234050
35.80 0 0 13655 20616110 13500 20382060 155 234050
35.90 0 0 13655 20616110 13500 20382060 155 234050
36.00 0 0 13655 20616110 13500 20382060 155 234050
36.10 0 0 13655 20616110 13500 20382060 155 234050
36.20 0 0 13655 20616110 13500 20382060 155 234050
36.30 0 0 13655 20616110 13500 20382060 155 234050
36.40 0 0 13655 20616110 13500 20382060 155 234050
36.50 0 0 13655 20616110 13500 20382060 155 234050
36.60 0 0 13655 20616110 13500 20382060 155 234050
36.70 0 0 13655 20616110 13500 20382060 155 234050
36.80 0 0 13655 20616110 13500 20382060 155 234050
36.90 0 0 13655 20616110 13500 20382060 155 234050
37.00 0 0 13655 20616110 13500 20382060 155 234050
37.10 0 0 13655 20616110 13500 20382060 155 234050
37.20 0 0 13655 20616110 13500 20382060 155 234050
37.30 0 0 13655 20616110 13500 20382060 155 234050
37.40 0 0 13655 20616110 13500 20382060 155 234050
37.50 0 0 13655 20616110 13500 20382060 155 234050
37.60 0 0 13655 20616110 13500 20382060 155 234050
37.70 0 0 13655 20616110 13500 20382060 155 234050
37.80 0 0 13655 20616110 13500 20382060 155 234050
37.90 0 0 13655 20616110 13500 20382060 155 234050
38.00 0 0 13655 20616110 13500 20382060 155 234050
38.10 0 0 13655 20616110 13500 20382060 155 234050
38.20 0 0 13655 20616110 13500 20382060 155 234050
38.30 0 0 13655 20616110 13500 20382060 155 234050
38.40 0 0 13655 20616110 13500 20382060 155 234050
38.50 0 0 13655 20616110 13500 20382060 155 234050
38.60 0 0 13655 20616110 13500 20382060 155 234050
38.70 0 0 13655 20616110 13500 20382060 155 234050
38.80 0 0 13655 20616110 13500 20382060 155 234050
38.90 0 0 13655 20616110 13500 20382060 155 234050
39.00 0 0 13655 20616110 13500 20382060 155 234050
39.10 0 0 13655 20616110 13500 20382060 155 234050
39.20 0 0 13655 20616110 13500 20382060 155 234050
39.30 0 0 13655 20616110 13500 20382060 155 234050
39.40 0 0 13655 20616110 13500 20382060 155 234050
39.50 0 0 13655 20616110 13500 20382060 155 234050
39.60 0 0 13655 20616110 13500 20382060 155 234050
39.70 0 0 13655 20616110 13500 20382060 155 234050
39.80 0 0 13655 20616110 13500 20382060 155 234050
39.90 0 0 13655 20616110 13500 20382060 155 234050
40.00 0 0 13655 20616110 13500 20382060 155 234050
40.10 0 0 13655 20616110 13500 20382060 155 234050
40.20 0 0 13655 20616110 13500 20382060 155 234050
40.30 0 0 13655 20616110 13500 20382060 155 234050
40.40 0 0 13655 20616110 13500 20382060 155 234050
40.50 0 0 13655 20616110 13500 20382060 155 234050
40.60 0 0 13655 20616110 13500 20382060 155 234050
40.70 0 0 13655 20616110 13500 20382060 155 234050
40.80 0 0 13655 20616110 13500 20382060 155 234050
40.90 0 0 13655 20616110 13500 20382060 155 234050
41.00 0 0 13655 20616110 13500 20382060 155 234050
41.10 0 0 13655 20616110 13500 20382060 155 234050
41.20 0 0 13655 20616110 13500 20382060 155 234050
41.30 0 0 13655 20616110 13500 20382060 155 234050
41.40 0 0 13655 20616110 13500 20382060 155 234050
41.50 0 0 13655 20616110 13500 20382060 155 234050
41.60 0 0 13655 20616110 13500 20382060 155 234050
41.70 0 0 13655 20616110 13500 20382060 155 234050
41.80 0 0 13655 20616110 13500 20382060 155 234050
41.90 0 0 13655 20616110 13500 20382060 155 234050
42.00 0 0 13655 20616110 13500 20382060 155 234050
42.10 0 0 13655 20616110 13500 20382060 155 234050
42.20 0 0 13655 20616110 13500 20382060 155 234050
42.30 0 0 13655 20616110 13500 20382060 155 234050
42.40 0 0 13655 20616110 13500 20382060 155 234050
42.50 0 0 13655 20616110 13500 20382060 155 234050
42.60 0 0 13655 20616110 13500 20382060 155 234050
42.70 0 0 13655 20616110 13500 20382060 155 234050
42.80 0 0 13655 20616110 13500 20382060 155 234050
42.90 0 0 13655 20616110 13500 20382060 155 234050
43.00 0 0 13655 20616110 13500 20382060 155 234050
43.10 0 0 13655 20616110 13500 20382060 155 234050
43.20 0 0 13655 20616110 13500 20382060 155 234050
43.30 0 0 13655 20616110 13500 20382060 155 234050
43.40 0 0 13655 20616110 13500 20382060 155 234050
43.50 0 0 13655 20616110 13500 20382060 155 234050
43.60 0 0 13655 20616110 13500 20382060 155 234050
43.70 0 0 13655 20616110 13500 20382060 155 234050
43.80 0 0 13655 20616110 13500 20382060 155 234050
43.90 0 0 13655 20616110 13500 20382060 155 234050
44.00 0 0 13655 20616110 13500 20382060 155 234050
44.10 0 0 13655 20616110 13500 20382060 155 234050
44.20 0 0 13655 20616110 13500 20382060 155 234050
44.30 0 0 13655 20616110 13500 20382060 155 234050
44.40 0 0 13655 20616110 13500 20382060 155 234050
44.50 0 0 13655 20616110 13500 20382060 155 234050
44.60 0 0 13655 20616110 13500 20382060 155 234050
44.70 0 0 13655 20616110 13500 20382060 155 234050
44.80 0 0 13655 20616110 13500 20382060 155 234050
44.90 0 0 13655 20616110 13500 20382060 155 234050
45.00 0 0 13655 20616110 13500 20382060 155 234050
45.10 0 0 13655 20616110 13500 20382060 155 234050
45.20 0 0 13655 20616110 13500 20382060 155 234050
45.30 0 0 13655 20616110 13500 20382060 155 234050
45.40 0 0 13655 20616110 13500 20382060 155 234050
45.50 0 0 13655 20616110 13500 20382060 155 234050
45.60 0 0 13655 20616110 13500 20382060 155 234050
45.70 0 0 13655 20616110 13500 20382060 155 234050
45.80 0 0 13655 20616110 13500 20382060 155 234050
45.90 0 0 13655 20616110 13500 20382060 155 234050
46.00 0 0 13655 20616110 13500 20382060 155 234050
46.10 0 0 13655 20616110 13500 20382060 155 234050
46.20 0 0 13655 20616110 13500 20382060 155 234050
46.30 0 0 13655 20616110 13500 20382060 155 234050
46.40 0 0 13655 20616110 13500 20382060 155 234050
46.50 0 0 13655 20616110 13500 20382060 155 234050
46.60 0 0 13655 20616110 13500 20382060 155 234050
46.70 0 0 13655 20616110 13500 20382060 155 234050
46.80 0 0 13655 20616110 13500 20382060 155 234050
46.90 0 0 13655 20616110 13500 20382060 155 234050
47.00 0 0 13655 20616110 13500 20382060 155 234050
47.10 0 0 13655 20616110 13500 20382060 155 234050
47.20 0 0 13655 20616110 13500 20382060 155 234050
47.30 0 0 13655 20616110 13500 20382060 155 234050
47.40 0 0 13655 20616110 13500 20382060 155 234050
47.50 0 0 13655 20616110 13500 20382060 155 234050
47.60 0 0 13655 20616110 13500 20382060 155 234050
47.70 0 0 13655 20616110 13500 20382060 155 234050
47.80 0 0 13655 20616110 13500 20382060 155 234050
47.90 0 0 13655 20616110 13500 20382060 155 234050
48.00 0 0 13655 20616110 13500 20382060 155 234050
48.10 0 0 13655 20616110 13500 20382060 155 234050
48.20 0 0 13655 20616110 13500 20382060 155 234050
48.30 0 0 13655 20616110 13500 20382060 155 234050
48.40 0 0 13655 20616110 13500 20382060 155 234050
48.50 0 0 13655 20616110 13500 20382060 155 234050
48.60 0 0 13655 20616110 13500 20382060 155 234050
48.70 0 0 13655 20616110 13500 20382060 155 234050
48.80 0 0 13655 20616110 13500 20382060 155 234050
48.90 0 0 13655 20616110 13500 20382060 155 234050
49.00 0 0 13655 20616110 13500 20382060 155 234050
49.10 0 0 13655 20616110 13500 20382060 155 234050
49.20 0 0 13655 20616110 13500 20382060 155 234050
49.30 0 0 13655 20616110 13500 20382060 155 234050
49.40 0 0 13655 20616110 13500 20382060 155 234050
49.50 0 0 13655 20616110 13500 20382060 155 234050
49.60 0 0 13655 20616110 13500 20382060 155 234050
49.70 0 0 13655 20616110 13500 20382060 155 234050
49.80 0 0 13655 20616110 13500 20382060 155 234050
49.90 0 0 13655 20616110 13500 20382060 155 234050
50.00 0 0 13655 20616110 13500 20382060 155 234050
50.10 0 0 13655 20616110 13500 20382060 155 234050
50.20 0 0 13655 20616110 13500 20382060 155 234050
50.30 0 0 13655 20616110 13500 20382060 155 234050
50.40 0 0 13655 20616110 13500 20382060 155 234050
50.50 0 0 13655 20616110 13500 20382060 155 234050
50.60 0 0 13655 20616110 13500 20382060 155 234050
50.70 0 0 13655 20616110 13500 20382060 155 234050
50.80 0 0 13655 20616110 13500 20382060 155 234050
50.90 0 0 13655 20616110 13500 20382060 155 234050
51.00 0 0 13655 20616110 13500 20382060 155 234050
51.10 0 0 13655 20616110 13500 20382060 155 234050
51.20 0 0 13655 20616110 13500 20382060 155 234050
51.30 0 0 13655 20616110 13500 20382060 155 234050
51.40 0 0 13655 20616110 13500 20382060 155 234050
51.50 0 0 13655 20616110 13500 20382060 155 234050
51.60 0 0 13655 20616110 13500 20382060 155 234050
51.70 0 0 13655 20616110 13500 20382060 155 234050
51.80 0 0 13655 20616110 13500 20382060 155 234050
51.90 0 0 13655 20616110 13500 20382060 155 234050
52.00 0 0 13655 20616110 13500 20382060 155 234050
52.10 0 0 13655 20616110 13500 20382060 155 234050
52.20 0 0 13655 20616110 13500 20382060 155 234050
52.30 0 0 13655 20616110 13500 20382060 155 234050
52.40 0 0 13655 20616110 13500 20382060 155 234050
52.50 0 0 13655 20616110 13500 20382060 155 234050
52.60 0 0 13655 20616110 13500 20382060 155 234050
52.70 0 0 13655 20616110 13500 20382060 155 234050
52.80 0 0 13655 20616110 13500 20382060 155 234050
52.90 0 0 13655 20616110 13500 20382060 155 234050
53.00 0 0 13655 20616110 13500 20382060 155 234050
53.10 0 0 13655 20616110 13500 20382060 155 234050
53.20 0 0 13655 20616110 13500 20382060 155 234050
53.30 0 0 13655 20616110 13500 20382060 155 234050
53.40 0 0 13655 20616110 13500 20382060 155 234050
53.50 0 0 13655 20616110 13500 20382060 155 234050
53.60 0 0 13655 20616110 13500 20382060 155 234050
53.70 0 0 13655 20616110 13500 20382060 155 234050
53.80 0 0 13655 20616110 13500 20382060 155 234050
53.90 0 0 13655 20616110 13500 20382060 155 234050
54.00 0 0 13655 20616110 13500 20382060 155 234050
54.10 0 0 13655 20616110 13500 20382060 155 234050
54.20 0 0 13655 20616110 13500 20382060 155 234050
54.30 0 0 13655 20616110 13500 20382060 155 234050
54.40 0 0 13655 20616110 13500 20382060 155 234050
54.50 0 0 13655 20616110 13500 20382060 155 234050
54.60 0 0 13655 20616110 13500 20382060 155 234050
54.70 0 0 13655 20616110 13500 20382060 155 234050
54.80 0 0 13655 20616110 13500 20382060 155 234050
54.90 0 0 13655 20616110 13500 20382060 155 234050
55.00 0 0 13655 20616110 13500 20382060 155 234050
55.10 0 0 13655 20616110 13500 20382060 155 234050
55.20 0 0 13655 20616110 13500 20382060 155 234050
55.30 0 0 13655 20616110 13500 20382060 155 234050
55.40 0 0 13655 20616110 13500 20382060 155 234050
55.50 0 0 13655 20616110 13500 20382060 155 234050
55.60 0 0 13655 20616110 13500 20382060 155 234050
55.70 0 0 13655 20616110 13500 20382060 155 234050
55.80 0 0 13655 20616110 13500 20382060 155 234050
55.90 0 0 13655 20616110 13500 20382060 155 234050
56.00 0 0 13655 20616110 13500 20382060 155 234050
56.10 0 0 13655 20616110 13500 20382060 155 234050
56.20 0 0 13655 20616110 13500 20382060 155 234050
56.30 0 0 13655 20616110 13500 20382060 155 234050
56.40 0 0 13655 20616110 13500 20382060 155 234050
56.50 0 0 13655 20616110 13500 20382060 155 234050
56.60 0 0 13655 20616110 13500 20382060 155 234050
56.70 0 0 13655 20616110 13500 20382060 155 234050
56.80 0 0 13655 20616110 13500 20382060 155 234050
56.90 0 0 13655 20616110 13500 20382060 155 234050
57.00 0 0 13655 20616110 13500 20382060 155 234050
57.10 0 0 13655 20616110 13500 20382060 155 234050
57.20 0 0 13655 20616110 13500 20382060 155 234050
57.30 0 0 13655 20616110 13500 20382060 155 234050
57.40 0 0 13655 20616110 13500 20382060 155 234050
57.50 0 0 13655 20616110 13500 20382060 155 234050
57.60 0 0 13655 20616110 13500 20382060 155 234050
57.70 0 0 13655 20616110 13500 20382060 155 234050
57.80 0 0 13655 20616110 13500 20382060 155 234050
57.90 0 0 13655 20616110 13500 20382060 155 234050
58.00 0 0 13655 20616110 13500 20382060 155 234050
58.10 0 0 13655 20616110 13500 20382060 155 234050
58.20 0 0 13655 20616110 13500 20382060 155 234050
58.30 0 0 13655 20616110 13500 20382060 155 234050
58.40 0 0 13655 20616110 13500 20382060 155 234050
58.50 0 0 13655 20616110 13500 20382060 155 234050
58.60 0 0 13655 20616110 13500 20382060 155 234050
58.70 0 0 13655 20616110 13500 20382060 155 234050
58.80 0 0 13655 20616110 13500 20382060 155 234050
58.90 0 0 13655 20616110 13500 20382060 155 234050
59.00 0 0 13655 20616110 13500 20382060 155 234050
59.10 0 0 13655 20616110 13500 20382060 155 234050
59.20 0 0 13655 20616110 13500 20382060 155 234050
59.30 0 0 13655 20616110 13500 20382060 155 234050
59.40 0 0 13655 20616110 13500 20382060 155 234050
59.50 0 0 13655 20616110 13500 20382060 155 234050
59.60 0 0 13655 20616110 13500 20382060 155 234050
59.70 0 0 13655 20616110 13500 20382060 155 234050
59.80 0 0 13655 20616110 13500 20382060 155 234050
59.90 0 0 13655 20616110 13500 20382060 155 234050
60.00 0 0 13655 20616110 13500 20382060 155 234050
60.10 0 0 13655 20616110 13500 20382060 155 234050
60.20 0 0 13655 20616110 13500 20382060 155 234050
60.30 0 0 13655 20616110 13500 20382060 155 234050
60.40 0 0 13655 20616110 13500 20382060 155 234050
60.50 0 0 13655 20616110 13500 20382060 155 234050
60.60 0 0 13655 20616110 13500 20382060 155 234050
60.70 0 0 13655 20616110 13500 20382060 155 234050
60.80 0 0 13655 20616110 13500 20382060 155 234050
60.90 0 0 13655 20616110 13500 20382060 155 234050
61.00 0 0 13655 20616110 13500 20382060 155 234050
61.10 0 0 13655 20616110 13500 20382060 155 234050
61.20 0 0 13655 20616110 13500 20382060 155 234050
61.30 0 0 13655 20616110 13500 20382060 155 234050
61.40 0 0 13655 20616110 13500 20382060 155 234050
61.50 0 0 13655 20616110 13500 20382060 155 234050
61.60 0 0 13655 20616110 13500 20382060 155 234050
61.70 0 0 13655 20616110 13500 20382060 155 234050
61.80 0 0 13655 20616110 13500 20382060 155 234050
61.90 0 0 13655 20616110 13500 20382060 155 234050
62.00 0 0 13655 20616110 13500 20382060 155 234050
62.10 0 0 13655 20616110 13500 20382060 155 234050
62.20 0 0 13655 20616110 13500 20382060 155 234050
62.30 0 0 13655 20616110 13500 20382060 155 234050
62.40 0 0 13655 20616110 13500 20382060 155 234050
62.50 0 0 13655 20616110 13500 20382060 155 234050
62.60 0 0 13655 20616110 13500 20382060 155 234050
62.70 0 0 13655 20616110 13500 20382060 155 234050
62.80 0 0 13655 20616110 13500 20382060 155 234050
62.90 0 0 13655 20616110 13500 20382060 155 234050
63.00 0 0 13655 20616110 13500 20382060 155 234050
63.10 0 0 13655 20616110 13500 20382060 155 234050
63.20 0 0 13655 20616110 13500 20382060 155 234050
63.30 0 0 13655 20616110 13500 20382060 155 234050
63.40 0 0 13655 20616110 13500 20382060 155 234050
63.50 0 0 13655 20616110 13500 20382060 155 234050
63.60 0 0 13655 20616110 13500 20382060 155 234050
63.70 0 0 13655 20616110 13500 20382060 155 234050
63.80 0 0 13655 20616110 13500 20382060 155 234050
63.90 0 0 13655 20616110 13500 20382060 155 234050
64.00 0 0 13655 20616110 13500 20382060 155 234050
64.10 0 0 13655 20616110 13500 20382060 155 234050
64.20 0 0 13655 20616110 13500 20382060 155 234050
64.30 0 0 13655 20616110 13500 20382060 155 234050
64.40 0 0 13655 20616110 13500 20382060 155 234050
64.50 0 0 13655 20616110 13500 20382060 155 234050
64.60 0 0 13655 20616110 13500 20382060 155 234050
64.70 0 0 13655 20616110 13500 20382060 155 234050
64.80 0 0 13655 20616110 13500 20382060 155 234050
64.90 0 0 13655 20616110 13500 20382060 155 234050
65.00 0 0 13655 20616110 13500 20382060 155 234050
65.10 0 0 13655 20616110 13500 20382060 155 234050
65.20 0 0 13655 20616110 13500 20382060 155 234050
65.30 0 0 13655 20616110 13500 20382060 155 234050
65.40 0 0 13655 20616110 13500 20382060 155 234050
65.50 0 0 13655 20616110 13500 20382060 155 234050
65.60 0 0 13655 20616110 13500 20382060 155 234050
65.70 0 0 13655 20616110 13500 20382060 155 234050
65.80 0 0 13655 20616110 13500 20382060 155 234050
65.90 0 0 13655 20616110 13500 20382060 155 234050
66.00 0 0 13655 20616110 13500 20382060 155 234050
66.10 0 0 13655 20616110 13500 20382060 155 234050
66.20 0 0 13655 20616110 13500 20382060 155 234050
66.30 0 0 13655 20616110 13500 20382060 155 234050
66.40 0 0 13655 20616110 13500 20382060 155 234050
66.50 0 0 13655 20616110 13500 20382060 155 234050
66.60 0 0 13655 20616110 13500 20382060 155 234050
66.70 0 0 13655 20616110 13500 20382060 155 234050
66.80 0 0 13655 20616110 13500 20382060 155 234050
66.90 0 0 13655 20616110 13500 20382060 155 234050
67.00 0 0 13655 20616110 13500 20382060 155 234050
67.10 0 0 13655 20616110 13500 20382060 155 234050
67.20 0 0 13655 20616110 13500 20382060 155 234050
67.30 0 0 13655 20616110 13500 20382060 155 234050
67.40 0 0 13655 20616110 13500 20382060 155 234050
67.50 0 0 13655 20616110 13500 20382060 155 234050
67.60 0 0 13655 20616110 13500 20382060 155 234050
67.70 0 0 13655 20616110 13500 20382060 155 234050
67.80 0 0 13655 20616110 13500 20382060 155 234050
67.90 0 0 13655 20616110 13500 20382060 155 234050
68.00 0 0 13655 20616110 13500 20382060 155 234050
68.10 0 0 13655 20616110 13500 20382060 155 234050
68.20 0 0 13655 20616110 13500 20382060 155 234050
68.30 0 0 13655 20616110 13500 20382060 155 234050
68.40 0 0 13655 20616110 13500 20382060 155 234050
68.50 0 0 13655 20616110 13500 20382060 155 234050
68.60 0 0 13655 20616110 13500 20382060 155 234050
68.70 0 0 13655 20616110 13500 20382060 155 234050
68.80 0 0 13655 20616110 13500 20382060 155 234050
68.90 0 0 13655 20616110 13500 20382060 155 234050
69.00 0 0 13655 20616110 13500 20382060 155 234050
69.10 0 0 13655 20616110 13500 20382060 155 234050
69.20 0 0 13655 20616110 13500 20382060 155 234050
69.30 0 0 13655 20616110 13500 20382060 155 234050
69.40 0 0 13655 20616110 13500 20382060 155 234050
69.50 0 0 13655 20616110 13500 20382060 155 234050
69.60 0 0 13655 20616110 13500 20382060 155 234050
69.70 0 0 13655 20616110 13500 20382060 155 234050
69.80 0 0 13655 20616110 13500 20382060 155 234050
69.90 0 0 13655 20616110 13500 20382060 155 234050
70.00 0 0 13655 20616110 13500 20382060 155 234050
70.10 0 0 13655 20616110 13500 20382060 155 234050
70.20 0 0 13655 20616110 13500 20382060 155 234050
70.30 0 0 13655 20616110 13500 20382060 155 234050
70.40 0 0 13655 20616110 13500 20382060 155 234050
70.50 0 0 13655 20616110 13500 20382060 155 234050
70.60 0 0 13655 20616110 13500 20382060 155 234050
70.70 0 0 13655 20616110 13500 20382060 155 234050
70.80 0 0 13655 20616110 13500 20382060 155 234050
70.90 0 0 13655 20616110 13500 20382060 155 234050
71.00 0 0 13655 20616110 13500 20382060 155 234050
71.10 0 0 13655 20616110 13500 20382060 155 234050
71.20 0 0 13655 20616110 13500 20382060 155 234050
71.30 0 0 13655 20616110 13500 20382060 155 234050
71.40 0 0 13655 20616110 13500 20382060 155 234050
71.50 0 0 13655 20616110 13500 20382060 155 234050
71.60 0 0 13655 20616110 13500 20382060 155 234050
71.70 0 0 13655 20616110 13500 20382060 155 234050
71.80 0 0 13655 20616110 13500 20382060 155 234050
71.90 0 0 13655 20616110 13500 20382060 155 234050
72.00 0 0 13655 20616110 13500 20382060 155 234050
72.10 0 0 13655 20616110 13500 20382060 155 234050
72.20 0 0 13655 20616110 13500 20382060 155 234050
72.30 0 0 13655 20616110 13500 20382060 155 234050
72.40 0 0 13655 20616110 13500 20382060 155 234050
72.50 0 0 13655 20616110 13500 20382060 155 234050
72.60 0 0 13655 20616110 13500 20382060 155 234050
72.70 0 0 13655 20616110 13500 20382060 155 234050
72.80 0 0 13655 20616110 13500 20382060 155 234050
72.90 0 0 13655 20616110 13500 20382060 155 234050
73.00 0 0 13655 20616110 13500 20382060 155 234050
73.10 0 0 13655 20616110 13500 20382060 155 234050
73.20 0 0 13655 20616110 13500 20382060 155 234050
73.30 0 0 13655 20616110 13500 20382060 155 234050
73.40 0 0 13655 20616110 13500 20382060 155 234050
73.50 0 0 13655 20616110 13500 20382060 155 234050
73.60 0 0 13655 20616110 13500 20382060 155 234050
73.70 0 0 13655 20616110 13500 20382060 155 234050
73.80 0 0 13655 20616110 13500 20382060 155 234050
73.90 0 0 13655 20616110 13500 20382060 155 234050
74.00 0 0 13655 20616110 13500 20382060 155 234050
74.10 0 0 13655 20616110 13500 20382060 155 234050
74.20 0 0 13655 20616110 13500 20382060 155 234050
74.30 0 0 13655 20616110 13500 20382060 155 234050
74.40 0 0 13655 20616110 13500 20382060 155 234050
74.50 0 0 13655 20616110 13500 20382060 155 234050
74.60 0 0 13655 20616110 13500 20382060 155 234050
74.70 0 0 13655 20616110 13500 20382060 155 234050
74.80 0 0 13655 20616110 13500 20382060 155 234050
74.90 0 0 13655 20616110 13500 20382060 155 234050
75.00 0 0 13655 20616110 13500 20382060 155 234050
75.10 0 0 13655 20616110 13500 20382060 155 234050
75.20 0 0 13655 20616110 13500 20382060 155 234050
75.30 0 0 13655 20616110 13500 20382060 155 234050
75.40 0 0 13655 20616110 13500 20382060 155 234050
75.50 0 0 13655 20616110 13500 20382060 155 234050
75.60 0 0 13655 20616110 13500 20382060 155 234050
75.70 0 0 13655 20616110 13500 20382060 155 234050
75.80 0 0 13655 20616110 13500 20382060 155 234050
75.90 0 0 13655 20616110 13500 20382060 155 234050
76.00 0 0 13655 20616110 13500 20382060 155 234050
76.10 0 0 13655 20616110 13500 20382060 155 234050
76.20 0 0 13655 20616110 13500 20382060 155 234050
76.30 0 0 13655 20616110 13500 20382060 155 234050
76.40 0 0 13655 20616110 13500 20382060 155 234050
76.50 0 0 13655 20616110 13500 20382060 155 234050
76.60 0 0 13655 20616110 13500 20382060 155 234050
76.70 0 0 13655 20616110 13500 20382060 155 234050
76.80 0 0 13655 20616110 13500 20382060 155 234050
76.90 0 0 13655 20616110 13500 20382060 155 234050
77.00 0 0 13655 20616110 13500 20382060 155 234050
77.10 0 0 13655 20616110 13500 20382060 155 234050
77.20 0 0 13655 20616110 13500 20382060 155 234050
77.30 0 0 13655 20616110 13500 20382060 155 234050
77.40 0 0 13655 20616110 13500 20382060 155 234050
77.50 0 0 13655 20616110 13500 20382060 155 234050
77.60 0 0 13655 20616110 13500 20382060 155 234050
77.70 0 0 13655 20616110 13500 20382060 155 234050
77.80 0 0 13655 20616110 13500 20382060 155 234050
77.90 0 0 13655 20616110 13500 20382060 155 234050
78.00 0 0 13655 20616110 13500 20382060 155 234050
78.10 0 0 13655 20616110 13500 20382060 155 234050
78.20 0 0 13655 20616110 13500 20382060 155 234050
78.30 0 0 13655 20616110 13500 20382060 155 234050
78.40 0 0 13655 20616110 13500 20382060 155 234050
78.50 0 0 13655 20616110 13500 20382060 155 234050
78.60 0 0 13655 20616110 13500 20382060 155 234050
78.70 0 0 13655 20616110 13500 20382060 155 234050
78.80 0 0 13655 20616110 13500 20382060 155 234050
78.90 0 0 13655 20616110 13500 20382060 155 234050
79.00 0 0 13655 20616110 13500 20382060 155 234050
79.10 0 0 13655 20616110 13500 20382060 155 234050
79.20 0 0 13655 20616110 13500 20382060 155 234050
79.30 0 0 13655 20616110 13500 20382060 155 234050
79.40 0 0 13655 20616110 13500 20382060 155 234050
79.50 0 0 13655 20616110 13500 20382060 155 234050
79.60 0 0 13655 20616110 13500 20382060 155 234050
79.70 0 0 13655 20616110 13500 20382060 155 234050
79.80 0 0 13655 20616110 13500 20382060 155 234050
79.90 0 0 13655 20616110 13500 20382060 155 234050
80.00 0 0 13655 20616110 13500 20382060 155 234050
80.10 0 0 13655 20616110 13500 20382060 155 234050
80.20 0 0 13655 20616110 13500 20382060 155 234050
80.30 0 0 13655 20616110 13500 20382060 155 234050
80.40 0 0 13655 20616110 13500 20382060 155 234050
80.50 0 0 13655 20616110 13500 20382060 155 234050
80.60 0 0 13655 20616110 13500 20382060 155 234050
80.70 0 0 13655 20616110 13500 20382060 155 234050
80.80 0 0 13655 20616110 13500 20382060 155 234050
80.90 0 0 13655 20616110 13500 20382060 155 234050
81.00 0 0 13655 20616110 13500 20382060 155 234050
81.10 0 0 13655 20616110 13500 20382060 155 234050
81.20 0 0 13655 20616110 13500 20382060 155 234050
81.30 0 0 13655 20616110 13500 20382060 155 234050
81.40 0 0 13655 20616110 13500 20382060 155 234050
81.50 0 0 13655 20616110 13500 20382060 155 234050
81.60 0 0 13655 20616110 13500 20382060 155 234050
81.70 0 0 13655 20616110 13500 20382060 155 234050
81.80 0 0 13655 20616110 13500 20382060 155 234050
81.90 0 0 13655 20616110 13500 20382060 155 234050
82.00 0 0 13655 20616110 13500 20382060 155 234050
82.10 0 0 13655 20616110 13500 20382060 155 234050
82.20 0 0 13655 20616110 13500 20382060 155 234050
82.30 0 0 13655 20616110 13500 20382060 155 234050
82.40 0 0 13655 20616110 13500 20382060 155 234050
82.50 0 0 13655 20616110 13500 20382060 155 234050
82.60 0 0 13655 20616110 13500 20382060 155 234050
82.70 0 0 13655 20616110 13500 20382060 155 234050
82.80 0 0 13655 20616110 13500 20382060 155 234050
82.90 0 0 13655 20616110 13500 20382060 155 234050
83.00 0 0 13655 20616110 13500 20382060 155 234050
83.10 0 0 13655 20616110 13500 20382060 155 234050
83.20 0 0 13655 20616110 13500 20382060 155 234050
83.30 0 0 13655 20616110 13500 20382060 155 234050
83.40 0 0 13655 20616110 13500 20382060 155 234050
83.50 0 0 13655 20616110 13500 20382060 155 234050
83.60 0 0 13655 20616110 13500 20382060 155 234050
83.70 0 0 13655 20616110 13500 20382060 155 234050
83.80 0 0 13655 20616110 13500 20382060 155 234050
83.90 0 0 13655 20616110 13500 20382060 155 234050
84.00 0 0 13655 20616110 13500 20382060 155 234050
84.10 0 0 13655 20616110 13500 20382060 155 234050
84.20 0 0 13655 20616110 13500 20382060 155 234050
84.30 0 0 13655 20616110 13500 20382060 155 234050
84.40 0 0 13655 20616110 13500 20382060 155 234050
84.50 0 0 13655 20616110 13500 20382060 155 234050
84.60 0 0 13655 20616110 13500 20382060 155 234050
84.70 0 0 13655 20616110 13500 20382060 155 234050
84.80 0 0 13655 20616110 13500 20382060 155 234050
84.90 0 0 13655 20616110 13500 20382060 155 234050
85.00 0 0 13655 20616110 13500 20382060 155 234050
85.10 0 0 13655 20616110 13500 20382060 155 234050
85.20 0 0 13655 20616110 13500 20382060 155 234050
85.30 0 0 13655 20616110 13500 20382060 155 234050
85.40 0 0 13655 20616110 13500 20382060 155 234050
85.50 0 0 13655 20616110 13500 20382060 155 234050
85.60 0 0 13655 20616110 13500 20382060 155 234050
85.70 0 0 13655 20616110 13500 20382060 155 234050
85.80 0 0 13655 20616110 13500 20382060 155 234050
85.90 0 0 13655 20616110 13500 20382060 155 234050
86.00 0 0 13655 20616110 13500 20382060 155 234050
86.10 0 0 13655 20616110 13500 20382060 155 234050
86.20 0 0 13655 20616110 13500 20382060 155 234050
86.30 0 0 13655 20616110 13500 20382060 155 234050
86.40 0 0 13655 20616110 13500 20382060 155 234050
86.50 0 0 13655 20616110 13500 20382060 155 234050
86.60 0 0 13655 20616110 13500 20382060 155 234050
86.70 0 0 13655 20616110 13500 20382060 155 234050
86.80 0 0 13655 20616110 13500 20382060 155 234050
86.90 0 0 13655 20616110 13500 20382060 155 234050
87.00 0 0 13655 20616110 13500 20382060 155 234050
87.10 0 0 13655 20616110 13500 20382060 155 234050
87.20 0 0 13655 20616110 13500 20382060 155 234050
87.30 0 0 13655 20616110 13500 20382060 155 234050
87.40 0 0 13655 20616110 13500 20382060 155 234050
87.50 0 0 13655 20616110 13500 20382060 155 234050
87.60 0 0 13655 20616110 13500 20382060 155 234050
87.70 0 0 13655 20616110 13500 20382060 155 234050
87.80 0 0 13655 20616110 13500 20382060 155 234050
87.90 0 0 13655 20616110 13500 20382060 155 234050
88.00 0 0 13655 20616110 13500 20382060 155 234050
88.10 0 0 13655 20616110 13500 20382060 155 234050
88.20 0 0 13655 20616110 13500 20382060 155 234050
88.30 0 0 13655 20616110 13500 20382060 155 234050
88.40 0 0 13655 20616110 13500 20382060 155 234050
88.50 0 0 13655 20616110 13500 20382060 155 234050
88.60 0 0 13655 20616110 13500 20382060 155 234050
88.70 0 0 13655 20616110 13500 20382060 155 234050
88.80 0 0 13655 20616110 13500 20382060 155 234050
88.90 0 0 13655 20616110 13500 20382060 155 234050
89.00 0 0 13655 20616110 13500 20382060 155 234050
89.10 0 0 13655 20616110 13500 20382060 155 234050
89.20 0 0 13655 20616110 13500 20382060 155 234050
89.30 0 0 13655 20616110 13500 20382060 155 234050
89.40 0 0 13655 20616110 13500 20382060 155 234050
89.50 0 0 13655 20616110 13500 20382060 155 234050
89.60 0 0 13655 20616110 13500 20382060 155 234050
89.70 0 0 13655 20616110 13500 20382060 155 234050
89.80 0 0 13655 20616110 13500 20382060 155 234050
89.90 0 0 13655 20616110 13500 20382060 155 234050
90.00 0 0 13655 20616110 13500 20382060 155 234050
90.10 0 0 13655 20616110 13500 20382060 155 234050
90.20 0 0 13655 20616110 13500 20382060 155 234050
90.30 0 0 13655 20616110 13500 20382060 155 234050
90.40 0 0 13655 20616110 13500 20382060 155 234050
90.50 0 0 13655 20616110 13500 20382060 155 234050
90.60 0 0 13655 20616110 13500 20382060 155 234050
90.70 0 0 13655 20616110 13500 20382060 155 234050
90.80 0 0 13655 20616110 13500 20382060 155 234050
90.90 0 0 13655 20616110 13500 20382060 155 234050
91.00 0 0 13655 20616110 13500 20382060 155 234050
91.10 0 0 13655 20616110 13500 20382060 155 234050
91.20 0 0 13655 20616110 13500 20382060 155 234050
91.30 0 0 13655 20616110 13500 20382060 155 234050
91.40 0 0 13655 20616110 13500 20382060 155 234050
91.50 0 0 13655 20616110 13500 20382060 155 234050
91.60 0 0 13655 20616110 13500 20382060 155 234050
91.70 0 0 13655 20616110 13500 20382060 155 234050
91.80 0 0 13655 20616110 13500 20382060 155 234050
91.90 0 0 13655 20616110 13500 20382060 155 234050
92.00 0 0 13655 20616110 13500 20382060 155 234050
92.10 0 0 13655 20616110 13500 20382060 155 234050
92.20 0 0 13655 20616110 13500 20382060 155 234050
92.30 0 0 13655 20616110 13500 20382060 155 234050
92.40 0 0 13655 20616110 13500 20382060 155 234050
92.50 0 0 13655 20616110 13500 20382060 155 234050
92.60 0 0 13655 20616110 13500 20382060 155 234050
92.70 0 0 13655 20616110 13500 20382060 155 234050
92.80 0 0 13655 20616110 13500 20382060 155 234050
92.90 0 0 13655 20616110 13500 20382060 155 234050
93.00 0 0 13655 20616110 13500 20382060 155 234050
93.10 0 0 13655 20616110 13500 20382060 155 234050
93.20 0 0 13655 20616110 13500 20382060 155 234050
93.30 0 0 13655 20616110 13500 20382060 155 234050
93.40 0 0 13655 20616110 13500 20382060 155 234050
93.50 0 0 13655 20616110 13500 20382060 155 234050
93.60 0 0 13655 20616110 13500 20382060 155 234050
93.70 0 0 13655 20616110 13500 20382060 155 234050
93.80 0 0 13655 20616110 13500 20382060 155 234050
93.90 0 0 13655 20616110 13500 20382060 155 234050
94.00 0 0 13655 20616110 13500 20382060 155 234050
94.10 0 0 13655 20616110 13500 20382060 155 234050
94.20 0 0 13655 20616110 13500 20382060 155 234050
94.30 0 0 13655 20616110 13500 20382060 155 234050
94.40 0 0 13655 20616110 13500 20382060 155 234050
94.50 0 0 13655 20616110 13500 20382060 155 234050
94.60 0 0 13655 20616110 13500 20382060 155 234050
94.70 0 0 13655 20616110 13500 20382060 155 234050
94.80 0 0 13655 20616110 13500 20382060 155 234050
94.90 0 0 13655 20616110 13500 20382060 155 234050
95.00 0 0 13655 20616110 13500 20382060 155 234050
95.10 0 0 13655 20616110 13500 20382060 155 234050
95.20 0 0 13655 20616110 13500 20382060 155 234050
95.30 0 0 13655 20616110 13500 20382060 155 234050
95.40 0 0 13655 20616110 13500 20382060 155 234050
95.50 0 0 13655 20616110 13500 20382060 155 234050
95.60 0 0 13655 20616110 13500 20382060 155 234050
95.70 0 0 13655 20616110 13500 20382060 155 234050
95.80 0 0 13655 20616110 13500 20382060 155 234050
95.90 0 0 13655 20616110 13500 20382060 155 234050
96.00 0 0 13655 20616110 13500 20382060 155 234050
96.10 0 0 13655 20616110 13500 20382060 155 234050
96.20 0 0 13655 20616110 13500 20382060 155 234050
96.30 0 0 13655 20616110 13500 20382060 155 234050
96.40 0 0 13655 20616110 13500 20382060 155 234050
96.50 0 0 13655 20616110 13500 20382060 155 234050
96.60 0 0 13655 20616110 13500 20382060 155 234050
96.70 0 0 13655 20616110 13500 20382060 155 234050
96.80 0 0 13655 20616110 13500 20382060 155 234050
96.90 0 0 13655 20616110 13500 20382060 155 234050
97.00 0 0 13655 20616110 13500 20382060 155 234050
97.10 0 0 13655 20616110 13500 20382060 155 234050
97.20 0 0 13655 20616110 13500 20382060 155 234050
97.30 0 0 13655 20616110 13500 20382060 155 234050
97.40 0 0 13655 20616110 13500 20382060 155 234050
97.50 0 0 13655 20616110 13500 20382060 155 234050
97.60 0 0 13655 20616110 13500 20382060 155 234050
97.70 0 0 13655 20616110 13500 20382060 155 234050
97.80 0 0 13655 20616110 13500 20382060 155 234050
97.90 0 0 13655 20616110 13500 20382060 155 234050
98.00 0 0 13655 20616110 13500 20382060 155 234050
98.10 0 0 13655 20616110 13500 20382060 155 234050
98.20 0 0 13655 20616110 13500 20382060 155 234050
98.30 0 0 13655 20616110 13500 20382060 155 234050
98.40 0 0 13655 20616110 13500 20382060 155 234050
98.50 0 0 13655 20616110 13500 20382060 155 234050
98.60 0 0 13655 20616110 13500 20382060 155 234050
98.70 0 0 13655 20616110 13500 20382060 155 234050
98.80 0 0 13655 20616110 13500 20382060 155 234050
98.90 0 0 13655 20616110 13500 20382060 155 234050
99.00 0 0 13655 20616110 13500 20382060 155 234050
99.10 0 0 13655 20616110 13500 20382060 155 234050
99.20 0 0 13655 20616110 13500 20382060 155 234050
99.30 0 0 13655 20616110 13500 20382060 155 234050
99.40 0 0 13655 20616110 13500 20382060 155 234050
99.50 0 0 13655 20616110 13500 20382060 155 234050
99.60 0 0 13655 20616110 13500 20382060 155 234050
99.70 0 0 13655 20616110 13500 20382060 155 234050
99.80 0 0 13655 20616110 13500 20382060 155 234050
99.90 0 0 13655 20616110 13500 20382060 155 234050
100.00 0 0 13655 20616110 13500 20382060 155 234050
