0.00 1 0.0  0 0
0.10 1 0.0  40 0
0.20 2 130.0  3060 0
0.30 4 130.0  3060 0
0.40 8 131.0  9100 0
0.50 8 131.0  21180 0
0.60 16 133.0  33260 0
0.70 32 137.0  45340 0
0.80 43 136.0  93660 0
0.90 64 146.0  152550 0
1.00 128 166.0  203890 0
1.10 166 155.0  324690 2.3613818181818185
1.20 1 186.0  324690 2.3613818181818185
1.30 1 186.0  327710 2.3613818181818185
1.40 2 186.0  327710 2.3613818181818185
1.50 3 179.0  330730 2.3613818181818185
1.60 3 179.0  336770 2.3613818181818185
1.70 5 168.0  345830 2.3613818181818185
1.80 8 157.0  345830 2.3613818181818185
1.90 13 145.0  360930 2.3613818181818185
2.00 13 145.0  382070 2.3613818181818185
2.10 20 139.0  418310 2.3613818181818185
2.20 21 138.0  418310 0.68087272727272741
2.30 32 145.0  454550 0.68087272727272741
2.40 33 146.0  505890 0.68087272727272741
2.50 50 141.0  539110 0.68087272727272741
2.60 75 146.0  581390 0.68087272727272741
2.70 88 139.0  696150 0.68087272727272741
2.80 108.167 159.0  749000 0.68087272727272741
2.90 108.757 176.0  827520 0.68087272727272741
3.00 1 186.0  827520 0.68087272727272741
3.10 1 186.0  830540 0.68087272727272741
3.20 2 187.0  993620 0.68087272727272741
3.30 3 180.0  993620 4.1840727272727278
3.40 7 160.0  999660 4.1840727272727278
3.50 7 160.0  1010230 4.1840727272727278
3.60 14 144.00000000000003  1031370 4.1840727272727278
3.70 28 138.0  1031370 4.1840727272727278
3.80 48 140.0  1073650 4.1840727272727278
3.90 54.037 144.00000000000003  1146130 4.1840727272727278
4.00 55.0274 159.0  1188410 4.1840727272727278
4.10 55.9288 131.0  1238240 4.1840727272727278
4.20 56.4628 131.0  1322800 4.1840727272727278
4.30 57.0092 132.0  1401320 4.1840727272727278
4.40 58.0006 132.0  1448130 3.3055272727272733
4.50 58.9414 131.0  1496450 3.3055272727272733
4.60 59.4819 131.0  1584030 3.3055272727272733
4.70 60.0175 132.0  1670100 3.3055272727272733
4.80 60.9436 133.0  1719930 3.3055272727272733
4.90 61.9204 133.0  1771270 3.3055272727272733
5.00 62.4672 133.0  1855830 3.3055272727272733
5.10 63.025 132.0  1949450 3.3055272727272733
5.20 63.8762 133.0  2003810 3.3055272727272733
5.30 64.8551 133.0  2059680 3.3055272727272733
5.40 65.4537 133.0  2141220 3.3055272727272733
5.50 66.0318 132.0  2239370 5.7544727272727281
5.60 66.8148 133.0  2301280 5.7544727272727281
5.70 67.7955 133.0  2361680 5.7544727272727281
5.80 68.4415 133.0  2440200 5.7544727272727281
5.90 69.038 132.0  2542880 5.7544727272727281
6.00 69.7586 133.0  2612340 5.7544727272727281
6.10 70.7409 133.0  2672740 5.7544727272727281
6.20 71.3882 135.0  2752770 5.7544727272727281
6.30 71.9464 137.0  2858470 5.7544727272727281
6.40 72.7069 138.0  2917360 5.7544727272727281
6.50 73.6228 140.0  2974740 5.7544727272727281
6.60 74.1237 142.00000000000003  3078930 6.1058909090909106
6.70 74.6748 143.00000000000003  3154430 6.1058909090909106
6.80 75.6594 145.0  3208790 6.1058909090909106
6.90 76.1994 147.0  3303920 6.1058909090909106
7.00 76.6574 147.0  3385460 6.1058909090909106
7.10 77.6297 150.0  3436800 6.1058909090909106
7.20 78.1561 152.0  3534950 6.1058909090909106
7.30 78.6154 152.0  3611960 6.1058909090909106
7.40 79.6014 155.0  3660280 6.1058909090909106
7.50 80.0275 156.0  3772020 6.1058909090909106
7.60 80.5878 157.0  3830910 6.1058909090909106
7.70 81.4273 159.0  3892820 5.9192000000000009
7.80 81.795 161.0  4001540 5.9192000000000009
7.90 82.5616 162.0  4045330 5.9192000000000009
8.00 83.141 164.0  4138950 5.9192000000000009
8.10 83.549 164.0  4211430 5.9192000000000009
8.20 84.4657 167.0  4264280 5.9192000000000009
8.30 84.7847 168.0  4377530 5.9192000000000009
8.40 85.5246 169.0  4415280 5.9192000000000009
8.50 86.0492 171.0  4519470 5.9192000000000009
8.60 86.5128 172.0  4578360 5.9192000000000009
8.70 87.2954 174.00000000000003  4649330 5.9192000000000009
8.80 87.5699 174.00000000000003  4739930 6.1608000000000009
8.90 88.4901 176.0  4780700 6.1608000000000009
9.00 88.7609 178.0  4898480 6.1608000000000009
9.10 89.4791 179.0  4931700 6.1608000000000009
9.20 89.9361 180.0  5047970 6.1608000000000009
9.30 90.4683 181.0  5087230 6.1608000000000009
9.40 91.0743 183.0  5183870 6.1608000000000009
9.50 91.4578 184.0  5242760 6.1608000000000009
9.60 92.1983 186.0  5321280 6.1608000000000009
9.70 92.4475 186.0  5396780 6.1608000000000009
9.80 93.2874 188.0  5460200 6.1608000000000009
9.90 93.4802 189.0  5538720 5.8093818181818193
10.00 1 190.0  5538720 5.8093818181818193
10.10 1 190.0  5682170 5.8093818181818193
10.20 2 190.0  5682170 5.8093818181818193
10.30 4 176.0  5685190 5.8093818181818193
10.40 4 176.0  5691230 5.8093818181818193
10.50 8 158.0  5703310 5.8093818181818193
10.60 16 142.00000000000003  5703310 5.8093818181818193
10.70 32 138.0  5727470 5.8093818181818193
10.80 32 138.0  5775790 5.8093818181818193
10.90 46.3897 146.0  5809010 5.8093818181818193
11.00 47.3712 148.0  5845250 2.2293090909090916
11.10 47.8961 132.0  5916220 2.2293090909090916
11.20 48.3534 133.0  5988700 2.2293090909090916
11.30 49.3363 133.0  6029470 2.2293090909090916
11.40 50.3199 133.0  6064200 2.2293090909090916
11.50 50.9127 131.0  6138190 2.2293090909090916
11.60 51.382 132.0  6215200 2.2293090909090916
11.70 52.2889 133.0  6263520 2.2293090909090916
11.80 53.2743 133.0  6302780 2.2293090909090916
11.90 53.9273 131.0  6373750 2.2293090909090916
12.00 54.4258 131.0  6455290 2.2293090909090916
12.10 55.2466 133.0  6511160 4.8429818181818192
12.20 56.2335 133.0  6554950 4.8429818181818192
12.30 56.9404 131.0  6622900 4.8429818181818192
12.40 57.465 131.0  6708970 4.8429818181818192
12.50 58.2086 133.0  6772390 4.8429818181818192
12.60 59.1967 133.0  6820710 4.8429818181818192
12.70 59.9522 131.0  6885640 4.8429818181818192
12.80 60.5002 131.0  6976240 4.8429818181818192
12.90 61.1742 133.0  7047210 4.8429818181818192
13.00 62.1635 133.0  7100060 4.8429818181818192
13.10 62.9469 132.0  7161970 4.8429818181818192
13.20 63.4848 134.0  7257100 5.4250181818181833
13.30 64.1431 135.0  7325050 5.4250181818181833
13.40 65.1333 138.0  7373370 5.4250181818181833
13.50 65.7751 139.0  7451890 5.4250181818181833
13.60 66.2296 140.0  7544000 5.4250181818181833
13.70 67.1147 142.00000000000003  7589300 5.4250181818181833
13.80 67.9146 144.00000000000003  7652720 5.4250181818181833
13.90 68.3403 146.0  7755400 5.4250181818181833
14.00 69.0971 147.0  7799190 5.4250181818181833
14.10 69.9315 149.0  7859590 5.4250181818181833
14.20 70.3166 151.0  7965290 5.4250181818181833
14.30 71.0805 151.0  8004550 5.4360000000000008
14.40 71.8502 153.0  8072500 5.4360000000000008
14.50 72.1835 155.0  8166120 5.4360000000000008
14.60 73.0648 156.0  8202360 5.4360000000000008
14.70 73.651 158.0  8291450 5.4360000000000008
14.80 74.0572 158.0  8362420 5.4360000000000008
14.90 75.0499 161.0  8403190 5.4360000000000008
15.00 75.3558 163.0  8516440 5.4360000000000008
15.10 76.0428 163.0  8551170 5.4360000000000008
15.20 76.7236 165.0  8631200 5.4360000000000008
15.30 77.0358 166.0  8706700 5.4360000000000008
15.40 78.029 168.0  8747470 5.4030545454545464
15.50 78.2849 170.0  8859210 5.4030545454545464
15.60 79.0224 170.0  8886390 5.4030545454545464
15.70 79.5647 173.00000000000003  8984540 5.4030545454545464
15.80 80.016 173.00000000000003  9035880 5.4030545454545464
15.90 80.7995 175.00000000000003  9105340 5.4030545454545464
16.00 81.0097 175.00000000000003  9185370 5.4030545454545464
16.10 82.0035 178.0  9227650 5.4030545454545464
16.20 82.1984 180.0  9333350 5.4030545454545464
16.30 82.9975 180.0  9352980 5.4030545454545464
16.40 83.3582 182.0  9475290 5.4030545454545464
16.50 83.9798 182.0  9497940 5.4579636363636377
16.60 84.5021 185.0  9600620 5.4579636363636377
16.70 84.9624 185.0  9641390 5.4579636363636377
16.80 85.6074 187.0  9727460 5.4579636363636377
16.90 85.9455 187.0  9781820 5.4579636363636377
17.00 86.6985 190.0  9855810 5.4579636363636377
17.10 86.9289 190.0  9863360 5.4579636363636377
17.20 1 190.0  9863360 5.4579636363636377
17.30 1 190.0  9996240 5.4579636363636377
17.40 2 188.0  9999260 5.4579636363636377
17.50 4 175.00000000000003  10002280 5.4579636363636377
17.60 8 158.0  10005300 3.6898909090909098
17.70 13 146.0  10017380 3.6898909090909098
17.80 16 143.00000000000003  10041540 3.6898909090909098
17.90 32 147.0  10041540 3.6898909090909098
18.00 43.0233 154.0  10064190 3.6898909090909098
18.10 43.0929 155.0  10064190 3.6898909090909098
18.20 43.0929 155.0  10064190 3.6898909090909098
18.30 1 155.0  10064190 3.6898909090909098
18.40 1 155.0  10064190 3.6898909090909098
18.50 1 155.0  10064190 3.6898909090909098
18.60 1 155.0  10064190 3.6898909090909098
18.70 1 155.0  10064190 0.42829090909090917
18.80 1 155.0  10064190 0.42829090909090917
18.90 1 155.0  10064190 0.42829090909090917
19.00 1 155.0  10064190 0.42829090909090917
19.10 1 155.0  10064190 0.42829090909090917
19.20 1 155.0  10064190 0.42829090909090917
19.30 1 155.0  10064190 0.42829090909090917
19.40 1 155.0  10064190 0.42829090909090917
19.50 1 155.0  10064190 0.42829090909090917
19.60 1 155.0  10064190 0.42829090909090917
19.70 1 155.0  10064190 0.42829090909090917
19.80 1 155.0  10064190 0.0
19.90 1 155.0  10064190 0.0
20.00 1 155.0  10064190 0.0
20.10 1 155.0  10064190 0.0
20.20 1 155.0  10064190 0.0
20.30 1 155.0  10064190 0.0
20.40 1 155.0  10064190 0.0
20.50 1 155.0  10064190 0.0
20.60 1 155.0  10064190 0.0
20.70 1 155.0  10064190 0.0
20.80 1 155.0  10064190 0.0
20.90 1 155.0  10064190 0.0
21.00 1 155.0  10064190 0.0
21.10 1 155.0  10064190 0.0
21.20 1 155.0  10064190 0.0
21.30 1 155.0  10064190 0.0
21.40 1 155.0  10064190 0.0
21.50 1 155.0  10064190 0.0
21.60 1 155.0  10064190 0.0
21.70 1 155.0  10064190 0.0
21.80 1 155.0  10064190 0.0
21.90 1 155.0  10064190 0.0
22.00 1 155.0  10064190 0.0
22.10 1 155.0  10064190 0.0
22.20 1 155.0  10064190 0.0
22.30 1 155.0  10064190 0.0
22.40 1 155.0  10064190 0.0
22.50 1 155.0  10064190 0.0
22.60 1 155.0  10064190 0.0
22.70 1 155.0  10064190 0.0
22.80 1 155.0  10064190 0.0
22.90 1 155.0  10064190 0.0
23.00 1 155.0  10064190 0.0
23.10 1 155.0  10064190 0.0
23.20 1 155.0  10064190 0.0
23.30 1 155.0  10064190 0.0
23.40 1 155.0  10064190 0.0
23.50 1 155.0  10064190 0.0
23.60 1 155.0  10064190 0.0
23.70 1 155.0  10064190 0.0
23.80 1 155.0  10064190 0.0
23.90 1 155.0  10064190 0.0
24.00 1 155.0  10064190 0.0
24.10 1 155.0  10064190 0.0
24.20 1 155.0  10064190 0.0
24.30 1 155.0  10064190 0.0
24.40 1 155.0  10064190 0.0
24.50 1 155.0  10064190 0.0
24.60 1 155.0  10064190 0.0
24.70 1 155.0  10064190 0.0
24.80 1 155.0  10064190 0.0
24.90 1 155.0  10064190 0.0
25.00 1 155.0  10064190 0.0
25.10 1 155.0  10064190 0.0
25.20 1 155.0  10064190 0.0
25.30 1 155.0  10064190 0.0
25.40 1 155.0  10064190 0.0
25.50 1 155.0  10064190 0.0
25.60 1 155.0  10064190 0.0
25.70 1 155.0  10064190 0.0
25.80 1 155.0  10064190 0.0
25.90 1 155.0  10064190 0.0
26.00 1 155.0  10064190 0.0
26.10 1 155.0  10064190 0.0
26.20 1 155.0  10064190 0.0
26.30 1 155.0  10064190 0.0
26.40 1 155.0  10064190 0.0
26.50 1 155.0  10064190 0.0
26.60 1 155.0  10064190 0.0
26.70 1 155.0  10064190 0.0
26.80 1 155.0  10064190 0.0
26.90 1 155.0  10064190 0.0
27.00 1 155.0  10064190 0.0
27.10 1 155.0  10064190 0.0
27.20 1 155.0  10064190 0.0
27.30 1 155.0  10064190 0.0
27.40 1 155.0  10064190 0.0
27.50 1 155.0  10064190 0.0
27.60 1 155.0  10064190 0.0
27.70 1 155.0  10064190 0.0
27.80 1 155.0  10064190 0.0
27.90 1 155.0  10064190 0.0
28.00 1 155.0  10064190 0.0
28.10 1 155.0  10064190 0.0
28.20 1 155.0  10064190 0.0
28.30 1 155.0  10064190 0.0
28.40 1 155.0  10064190 0.0
28.50 1 155.0  10064190 0.0
28.60 1 155.0  10064190 0.0
28.70 1 155.0  10064190 0.0
28.80 1 155.0  10064190 0.0
28.90 1 155.0  10064190 0.0
29.00 1 155.0  10064190 0.0
29.10 1 155.0  10064190 0.0
29.20 1 155.0  10064190 0.0
29.30 1 155.0  10064190 0.0
29.40 1 155.0  10064190 0.0
29.50 1 155.0  10064190 0.0
29.60 1 155.0  10064190 0.0
29.70 1 155.0  10064190 0.0
29.80 1 155.0  10064190 0.0
29.90 1 155.0  10064190 0.0
30.00 1 155.0  10064190 0.0
30.10 1 155.0  10064190 0.0
30.20 1 155.0  10064190 0.0
30.30 1 155.0  10064190 0.0
30.40 1 155.0  10064190 0.0
30.50 1 155.0  10064190 0.0
30.60 1 155.0  10064190 0.0
30.70 1 155.0  10064190 0.0
30.80 1 155.0  10064190 0.0
30.90 1 155.0  10064190 0.0
31.00 1 155.0  10064190 0.0
31.10 1 155.0  10064190 0.0
31.20 1 155.0  10064190 0.0
31.30 1 155.0  10064190 0.0
31.40 1 155.0  10064190 0.0
31.50 1 155.0  10064190 0.0
31.60 1 155.0  10064190 0.0
31.70 1 155.0  10064190 0.0
31.80 1 155.0  10064190 0.0
31.90 1 155.0  10064190 0.0
32.00 1 155.0  10064190 0.0
32.10 1 155.0  10064190 0.0
32.20 1 155.0  10064190 0.0
32.30 1 155.0  10064190 0.0
32.40 1 155.0  10064190 0.0
32.50 1 155.0  10064190 0.0
32.60 1 155.0  10064190 0.0
32.70 1 155.0  10064190 0.0
32.80 1 155.0  10064190 0.0
32.90 1 155.0  10064190 0.0
33.00 1 155.0  10064190 0.0
33.10 1 155.0  10064190 0.0
33.20 1 155.0  10064190 0.0
33.30 1 155.0  10064190 0.0
33.40 1 155.0  10064190 0.0
33.50 1 155.0  10064190 0.0
33.60 1 155.0  10064190 0.0
33.70 1 155.0  10064190 0.0
33.80 1 155.0  10064190 0.0
33.90 1 155.0  10064190 0.0
34.00 1 155.0  10064190 0.0
34.10 1 155.0  10064190 0.0
34.20 1 155.0  10064190 0.0
34.30 1 155.0  10064190 0.0
34.40 1 155.0  10064190 0.0
34.50 1 155.0  10064190 0.0
34.60 1 155.0  10064190 0.0
34.70 1 155.0  10064190 0.0
34.80 1 155.0  10064190 0.0
34.90 1 155.0  10064190 0.0
35.00 1 155.0  10064190 0.0
35.10 1 155.0  10064190 0.0
35.20 1 155.0  10064190 0.0
35.30 1 155.0  10064190 0.0
35.40 1 155.0  10064190 0.0
35.50 1 155.0  10064190 0.0
35.60 1 155.0  10064190 0.0
35.70 1 155.0  10064190 0.0
35.80 1 155.0  10064190 0.0
35.90 1 155.0  10064190 0.0
36.00 1 155.0  10064190 0.0
36.10 1 155.0  10064190 0.0
36.20 1 155.0  10064190 0.0
36.30 1 155.0  10064190 0.0
36.40 1 155.0  10064190 0.0
36.50 1 155.0  10064190 0.0
36.60 1 155.0  10064190 0.0
36.70 1 155.0  10064190 0.0
36.80 1 155.0  10064190 0.0
36.90 1 155.0  10064190 0.0
37.00 1 155.0  10064190 0.0
37.10 1 155.0  10064190 0.0
37.20 1 155.0  10064190 0.0
37.30 1 155.0  10064190 0.0
37.40 1 155.0  10064190 0.0
37.50 1 155.0  10064190 0.0
37.60 1 155.0  10064190 0.0
37.70 1 155.0  10064190 0.0
37.80 1 155.0  10064190 0.0
37.90 1 155.0  10064190 0.0
38.00 1 155.0  10064190 0.0
38.10 1 155.0  10064190 0.0
38.20 1 155.0  10064190 0.0
38.30 1 155.0  10064190 0.0
38.40 1 155.0  10064190 0.0
38.50 1 155.0  10064190 0.0
38.60 1 155.0  10064190 0.0
38.70 1 155.0  10064190 0.0
38.80 1 155.0  10064190 0.0
38.90 1 155.0  10064190 0.0
39.00 1 155.0  10064190 0.0
39.10 1 155.0  10064190 0.0
39.20 1 155.0  10064190 0.0
39.30 1 155.0  10064190 0.0
39.40 1 155.0  10064190 0.0
39.50 1 155.0  10064190 0.0
39.60 1 155.0  10064190 0.0
39.70 1 155.0  10064190 0.0
39.80 1 155.0  10064190 0.0
39.90 1 155.0  10064190 0.0
40.00 1 155.0  10064190 0.0
40.10 1 155.0  10064190 0.0
40.20 1 155.0  10064190 0.0
40.30 1 155.0  10064190 0.0
40.40 1 155.0  10064190 0.0
40.50 1 155.0  10064190 0.0
40.60 1 155.0  10064190 0.0
40.70 1 155.0  10064190 0.0
40.80 1 155.0  10064190 0.0
40.90 1 155.0  10064190 0.0
41.00 1 155.0  10064190 0.0
41.10 1 155.0  10064190 0.0
41.20 1 155.0  10064190 0.0
41.30 1 155.0  10064190 0.0
41.40 1 155.0  10064190 0.0
41.50 1 155.0  10064190 0.0
41.60 1 155.0  10064190 0.0
41.70 1 155.0  10064190 0.0
41.80 1 155.0  10064190 0.0
41.90 1 155.0  10064190 0.0
42.00 1 155.0  10064190 0.0
42.10 1 155.0  10064190 0.0
42.20 1 155.0  10064190 0.0
42.30 1 155.0  10064190 0.0
42.40 1 155.0  10064190 0.0
42.50 1 155.0  10064190 0.0
42.60 1 155.0  10064190 0.0
42.70 1 155.0  10064190 0.0
42.80 1 155.0  10064190 0.0
42.90 1 155.0  10064190 0.0
43.00 1 155.0  10064190 0.0
43.10 1 155.0  10064190 0.0
43.20 1 155.0  10064190 0.0
43.30 1 155.0  10064190 0.0
43.40 1 155.0  10064190 0.0
43.50 1 155.0  10064190 0.0
43.60 1 155.0  10064190 0.0
43.70 1 155.0  10064190 0.0
43.80 1 155.0  10064190 0.0
43.90 1 155.0  10064190 0.0
44.00 1 155.0  10064190 0.0
44.10 1 155.0  10064190 0.0
44.20 1 155.0  10064190 0.0
44.30 1 155.0  10064190 0.0
44.40 1 155.0  10064190 0.0
44.50 1 155.0  10064190 0.0
44.60 1 155.0  10064190 0.0
44.70 1 155.0  10064190 0.0
44.80 1 155.0  10064190 0.0
44.90 1 155.0  10064190 0.0
45.00 1 155.0  10064190 0.0
45.10 1 155.0  10064190 0.0
45.20 1 155.0  10064190 0.0
45.30 1 155.0  10064190 0.0
45.40 1 155.0  10064190 0.0
45.50 1 155.0  10064190 0.0
45.60 1 155.0  10064190 0.0
45.70 1 155.0  10064190 0.0
45.80 1 155.0  10064190 0.0
45.90 1 155.0  10064190 0.0
46.00 1 155.0  10064190 0.0
46.10 1 155.0  10064190 0.0
46.20 1 155.0  10064190 0.0
46.30 1 155.0  10064190 0.0
46.40 1 155.0  10064190 0.0
46.50 1 155.0  10064190 0.0
46.60 1 155.0  10064190 0.0
46.70 1 155.0  10064190 0.0
46.80 1 155.0  10064190 0.0
46.90 1 155.0  10064190 0.0
47.00 1 155.0  10064190 0.0
47.10 1 155.0  10064190 0.0
47.20 1 155.0  10064190 0.0
47.30 1 155.0  10064190 0.0
47.40 1 155.0  10064190 0.0
47.50 1 155.0  10064190 0.0
47.60 1 155.0  10064190 0.0
47.70 1 155.0  10064190 0.0
47.80 1 155.0  10064190 0.0
47.90 1 155.0  10064190 0.0
48.00 1 155.0  10064190 0.0
48.10 1 155.0  10064190 0.0
48.20 1 155.0  10064190 0.0
48.30 1 155.0  10064190 0.0
48.40 1 155.0  10064190 0.0
48.50 1 155.0  10064190 0.0
48.60 1 155.0  10064190 0.0
48.70 1 155.0  10064190 0.0
48.80 1 155.0  10064190 0.0
48.90 1 155.0  10064190 0.0
49.00 1 155.0  10064190 0.0
49.10 1 155.0  10064190 0.0
49.20 1 155.0  10064190 0.0
49.30 1 155.0  10064190 0.0
49.40 1 155.0  10064190 0.0
49.50 1 155.0  10064190 0.0
49.60 1 155.0  10064190 0.0
49.70 1 155.0  10064190 0.0
49.80 1 155.0  10064190 0.0
49.90 1 155.0  10064190 0.0
50.00 1 155.0  10064190 0.0
50.10 1 155.0  10064190 0.0
50.20 1 155.0  10064190 0.0
50.30 1 155.0  10064190 0.0
50.40 1 155.0  10064190 0.0
50.50 1 155.0  10064190 0.0
50.60 1 155.0  10064190 0.0
50.70 1 155.0  10064190 0.0
50.80 1 155.0  10064190 0.0
50.90 1 155.0  10064190 0.0
51.00 1 155.0  10064190 0.0
51.10 1 155.0  10064190 0.0
51.20 1 155.0  10064190 0.0
51.30 1 155.0  10064190 0.0
51.40 1 155.0  10064190 0.0
51.50 1 155.0  10064190 0.0
51.60 1 155.0  10064190 0.0
51.70 1 155.0  10064190 0.0
51.80 1 155.0  10064190 0.0
51.90 1 155.0  10064190 0.0
52.00 1 155.0  10064190 0.0
52.10 1 155.0  10064190 0.0
52.20 1 155.0  10064190 0.0
52.30 1 155.0  10064190 0.0
52.40 1 155.0  10064190 0.0
52.50 1 155.0  10064190 0.0
52.60 1 155.0  10064190 0.0
52.70 1 155.0  10064190 0.0
52.80 1 155.0  10064190 0.0
52.90 1 155.0  10064190 0.0
53.00 1 155.0  10064190 0.0
53.10 1 155.0  10064190 0.0
53.20 1 155.0  10064190 0.0
53.30 1 155.0  10064190 0.0
53.40 1 155.0  10064190 0.0
53.50 1 155.0  10064190 0.0
53.60 1 155.0  10064190 0.0
53.70 1 155.0  10064190 0.0
53.80 1 155.0  10064190 0.0
53.90 1 155.0  10064190 0.0
54.00 1 155.0  10064190 0.0
54.10 1 155.0  10064190 0.0
54.20 1 155.0  10064190 0.0
54.30 1 155.0  10064190 0.0
54.40 1 155.0  10064190 0.0
54.50 1 155.0  10064190 0.0
54.60 1 155.0  10064190 0.0
54.70 1 155.0  10064190 0.0
54.80 1 155.0  10064190 0.0
54.90 1 155.0  10064190 0.0
55.00 1 155.0  10064190 0.0
55.10 1 155.0  10064190 0.0
55.20 1 155.0  10064190 0.0
55.30 1 155.0  10064190 0.0
55.40 1 155.0  10064190 0.0
55.50 1 155.0  10064190 0.0
55.60 1 155.0  10064190 0.0
55.70 1 155.0  10064190 0.0
55.80 1 155.0  10064190 0.0
55.90 1 155.0  10064190 0.0
56.00 1 155.0  10064190 0.0
56.10 1 155.0  10064190 0.0
56.20 1 155.0  10064190 0.0
56.30 1 155.0  10064190 0.0
56.40 1 155.0  10064190 0.0
56.50 1 155.0  10064190 0.0
56.60 1 155.0  10064190 0.0
56.70 1 155.0  10064190 0.0
56.80 1 155.0  10064190 0.0
56.90 1 155.0  10064190 0.0
57.00 1 155.0  10064190 0.0
57.10 1 155.0  10064190 0.0
57.20 1 155.0  10064190 0.0
57.30 1 155.0  10064190 0.0
57.40 1 155.0  10064190 0.0
57.50 1 155.0  10064190 0.0
57.60 1 155.0  10064190 0.0
57.70 1 155.0  10064190 0.0
57.80 1 155.0  10064190 0.0
57.90 1 155.0  10064190 0.0
58.00 1 155.0  10064190 0.0
58.10 1 155.0  10064190 0.0
58.20 1 155.0  10064190 0.0
58.30 1 155.0  10064190 0.0
58.40 1 155.0  10064190 0.0
58.50 1 155.0  10064190 0.0
58.60 1 155.0  10064190 0.0
58.70 1 155.0  10064190 0.0
58.80 1 155.0  10064190 0.0
58.90 1 155.0  10064190 0.0
59.00 1 155.0  10064190 0.0
59.10 1 155.0  10064190 0.0
59.20 1 155.0  10064190 0.0
59.30 1 155.0  10064190 0.0
59.40 1 155.0  10064190 0.0
59.50 1 155.0  10064190 0.0
59.60 1 155.0  10064190 0.0
59.70 1 155.0  10064190 0.0
59.80 1 155.0  10064190 0.0
59.90 1 155.0  10064190 0.0
60.00 1 155.0  10064190 0.0
60.10 1 155.0  10064190 0.0
60.20 1 155.0  10064190 0.0
60.30 1 155.0  10064190 0.0
60.40 1 155.0  10064190 0.0
60.50 1 155.0  10064190 0.0
60.60 1 155.0  10064190 0.0
60.70 1 155.0  10064190 0.0
60.80 1 155.0  10064190 0.0
60.90 1 155.0  10064190 0.0
61.00 1 155.0  10064190 0.0
61.10 1 155.0  10064190 0.0
61.20 1 155.0  10064190 0.0
61.30 1 155.0  10064190 0.0
61.40 1 155.0  10064190 0.0
61.50 1 155.0  10064190 0.0
61.60 1 155.0  10064190 0.0
61.70 1 155.0  10064190 0.0
61.80 1 155.0  10064190 0.0
61.90 1 155.0  10064190 0.0
62.00 1 155.0  10064190 0.0
62.10 1 155.0  10064190 0.0
62.20 1 155.0  10064190 0.0
62.30 1 155.0  10064190 0.0
62.40 1 155.0  10064190 0.0
62.50 1 155.0  10064190 0.0
62.60 1 155.0  10064190 0.0
62.70 1 155.0  10064190 0.0
62.80 1 155.0  10064190 0.0
62.90 1 155.0  10064190 0.0
63.00 1 155.0  10064190 0.0
63.10 1 155.0  10064190 0.0
63.20 1 155.0  10064190 0.0
63.30 1 155.0  10064190 0.0
63.40 1 155.0  10064190 0.0
63.50 1 155.0  10064190 0.0
63.60 1 155.0  10064190 0.0
63.70 1 155.0  10064190 0.0
63.80 1 155.0  10064190 0.0
63.90 1 155.0  10064190 0.0
64.00 1 155.0  10064190 0.0
64.10 1 155.0  10064190 0.0
64.20 1 155.0  10064190 0.0
64.30 1 155.0  10064190 0.0
64.40 1 155.0  10064190 0.0
64.50 1 155.0  10064190 0.0
64.60 1 155.0  10064190 0.0
64.70 1 155.0  10064190 0.0
64.80 1 155.0  10064190 0.0
64.90 1 155.0  10064190 0.0
65.00 1 155.0  10064190 0.0
65.10 1 155.0  10064190 0.0
65.20 1 155.0  10064190 0.0
65.30 1 155.0  10064190 0.0
65.40 1 155.0  10064190 0.0
65.50 1 155.0  10064190 0.0
65.60 1 155.0  10064190 0.0
65.70 1 155.0  10064190 0.0
65.80 1 155.0  10064190 0.0
65.90 1 155.0  10064190 0.0
66.00 1 155.0  10064190 0.0
66.10 1 155.0  10064190 0.0
66.20 1 155.0  10064190 0.0
66.30 1 155.0  10064190 0.0
66.40 1 155.0  10064190 0.0
66.50 1 155.0  10064190 0.0
66.60 1 155.0  10064190 0.0
66.70 1 155.0  10064190 0.0
66.80 1 155.0  10064190 0.0
66.90 1 155.0  10064190 0.0
67.00 1 155.0  10064190 0.0
67.10 1 155.0  10064190 0.0
67.20 1 155.0  10064190 0.0
67.30 1 155.0  10064190 0.0
67.40 1 155.0  10064190 0.0
67.50 1 155.0  10064190 0.0
67.60 1 155.0  10064190 0.0
67.70 1 155.0  10064190 0.0
67.80 1 155.0  10064190 0.0
67.90 1 155.0  10064190 0.0
68.00 1 155.0  10064190 0.0
68.10 1 155.0  10064190 0.0
68.20 1 155.0  10064190 0.0
68.30 1 155.0  10064190 0.0
68.40 1 155.0  10064190 0.0
68.50 1 155.0  10064190 0.0
68.60 1 155.0  10064190 0.0
68.70 1 155.0  10064190 0.0
68.80 1 155.0  10064190 0.0
68.90 1 155.0  10064190 0.0
69.00 1 155.0  10064190 0.0
69.10 1 155.0  10064190 0.0
69.20 1 155.0  10064190 0.0
69.30 1 155.0  10064190 0.0
69.40 1 155.0  10064190 0.0
69.50 1 155.0  10064190 0.0
69.60 1 155.0  10064190 0.0
69.70 1 155.0  10064190 0.0
69.80 1 155.0  10064190 0.0
69.90 1 155.0  10064190 0.0
70.00 1 155.0  10064190 0.0
70.10 1 155.0  10064190 0.0
70.20 1 155.0  10064190 0.0
70.30 1 155.0  10064190 0.0
70.40 1 155.0  10064190 0.0
70.50 1 155.0  10064190 0.0
70.60 1 155.0  10064190 0.0
70.70 1 155.0  10064190 0.0
70.80 1 155.0  10064190 0.0
70.90 1 155.0  10064190 0.0
71.00 1 155.0  10064190 0.0
71.10 1 155.0  10064190 0.0
71.20 1 155.0  10064190 0.0
71.30 1 155.0  10064190 0.0
71.40 1 155.0  10064190 0.0
71.50 1 155.0  10064190 0.0
71.60 1 155.0  10064190 0.0
71.70 1 155.0  10064190 0.0
71.80 1 155.0  10064190 0.0
71.90 1 155.0  10064190 0.0
72.00 1 155.0  10064190 0.0
72.10 1 155.0  10064190 0.0
72.20 1 155.0  10064190 0.0
72.30 1 155.0  10064190 0.0
72.40 1 155.0  10064190 0.0
72.50 1 155.0  10064190 0.0
72.60 1 155.0  10064190 0.0
72.70 1 155.0  10064190 0.0
72.80 1 155.0  10064190 0.0
72.90 1 155.0  10064190 0.0
73.00 1 155.0  10064190 0.0
73.10 1 155.0  10064190 0.0
73.20 1 155.0  10064190 0.0
73.30 1 155.0  10064190 0.0
73.40 1 155.0  10064190 0.0
73.50 1 155.0  10064190 0.0
73.60 1 155.0  10064190 0.0
73.70 1 155.0  10064190 0.0
73.80 1 155.0  10064190 0.0
73.90 1 155.0  10064190 0.0
74.00 1 155.0  10064190 0.0
74.10 1 155.0  10064190 0.0
74.20 1 155.0  10064190 0.0
74.30 1 155.0  10064190 0.0
74.40 1 155.0  10064190 0.0
74.50 1 155.0  10064190 0.0
74.60 1 155.0  10064190 0.0
74.70 1 155.0  10064190 0.0
74.80 1 155.0  10064190 0.0
74.90 1 155.0  10064190 0.0
75.00 1 155.0  10064190 0.0
75.10 1 155.0  10064190 0.0
75.20 1 155.0  10064190 0.0
75.30 1 155.0  10064190 0.0
75.40 1 155.0  10064190 0.0
75.50 1 155.0  10064190 0.0
75.60 1 155.0  10064190 0.0
75.70 1 155.0  10064190 0.0
75.80 1 155.0  10064190 0.0
75.90 1 155.0  10064190 0.0
76.00 1 155.0  10064190 0.0
76.10 1 155.0  10064190 0.0
76.20 1 155.0  10064190 0.0
76.30 1 155.0  10064190 0.0
76.40 1 155.0  10064190 0.0
76.50 1 155.0  10064190 0.0
76.60 1 155.0  10064190 0.0
76.70 1 155.0  10064190 0.0
76.80 1 155.0  10064190 0.0
76.90 1 155.0  10064190 0.0
77.00 1 155.0  10064190 0.0
77.10 1 155.0  10064190 0.0
77.20 1 155.0  10064190 0.0
77.30 1 155.0  10064190 0.0
77.40 1 155.0  10064190 0.0
77.50 1 155.0  10064190 0.0
77.60 1 155.0  10064190 0.0
77.70 1 155.0  10064190 0.0
77.80 1 155.0  10064190 0.0
77.90 1 155.0  10064190 0.0
78.00 1 155.0  10064190 0.0
78.10 1 155.0  10064190 0.0
78.20 1 155.0  10064190 0.0
78.30 1 155.0  10064190 0.0
78.40 1 155.0  10064190 0.0
78.50 1 155.0  10064190 0.0
78.60 1 155.0  10064190 0.0
78.70 1 155.0  10064190 0.0
78.80 1 155.0  10064190 0.0
78.90 1 155.0  10064190 0.0
79.00 1 155.0  10064190 0.0
79.10 1 155.0  10064190 0.0
79.20 1 155.0  10064190 0.0
79.30 1 155.0  10064190 0.0
79.40 1 155.0  10064190 0.0
79.50 1 155.0  10064190 0.0
79.60 1 155.0  10064190 0.0
79.70 1 155.0  10064190 0.0
79.80 1 155.0  10064190 0.0
79.90 1 155.0  10064190 0.0
80.00 1 155.0  10064190 0.0
80.10 1 155.0  10064190 0.0
80.20 1 155.0  10064190 0.0
80.30 1 155.0  10064190 0.0
80.40 1 155.0  10064190 0.0
80.50 1 155.0  10064190 0.0
80.60 1 155.0  10064190 0.0
80.70 1 155.0  10064190 0.0
80.80 1 155.0  10064190 0.0
80.90 1 155.0  10064190 0.0
81.00 1 155.0  10064190 0.0
81.10 1 155.0  10064190 0.0
81.20 1 155.0  10064190 0.0
81.30 1 155.0  10064190 0.0
81.40 1 155.0  10064190 0.0
81.50 1 155.0  10064190 0.0
81.60 1 155.0  10064190 0.0
81.70 1 155.0  10064190 0.0
81.80 1 155.0  10064190 0.0
81.90 1 155.0  10064190 0.0
82.00 1 155.0  10064190 0.0
82.10 1 155.0  10064190 0.0
82.20 1 155.0  10064190 0.0
82.30 1 155.0  10064190 0.0
82.40 1 155.0  10064190 0.0
82.50 1 155.0  10064190 0.0
82.60 1 155.0  10064190 0.0
82.70 1 155.0  10064190 0.0
82.80 1 155.0  10064190 0.0
82.90 1 155.0  10064190 0.0
83.00 1 155.0  10064190 0.0
83.10 1 155.0  10064190 0.0
83.20 1 155.0  10064190 0.0
83.30 1 155.0  10064190 0.0
83.40 1 155.0  10064190 0.0
83.50 1 155.0  10064190 0.0
83.60 1 155.0  10064190 0.0
83.70 1 155.0  10064190 0.0
83.80 1 155.0  10064190 0.0
83.90 1 155.0  10064190 0.0
84.00 1 155.0  10064190 0.0
84.10 1 155.0  10064190 0.0
84.20 1 155.0  10064190 0.0
84.30 1 155.0  10064190 0.0
84.40 1 155.0  10064190 0.0
84.50 1 155.0  10064190 0.0
84.60 1 155.0  10064190 0.0
84.70 1 155.0  10064190 0.0
84.80 1 155.0  10064190 0.0
84.90 1 155.0  10064190 0.0
85.00 1 155.0  10064190 0.0
85.10 1 155.0  10064190 0.0
85.20 1 155.0  10064190 0.0
85.30 1 155.0  10064190 0.0
85.40 1 155.0  10064190 0.0
85.50 1 155.0  10064190 0.0
85.60 1 155.0  10064190 0.0
85.70 1 155.0  10064190 0.0
85.80 1 155.0  10064190 0.0
85.90 1 155.0  10064190 0.0
86.00 1 155.0  10064190 0.0
86.10 1 155.0  10064190 0.0
86.20 1 155.0  10064190 0.0
86.30 1 155.0  10064190 0.0
86.40 1 155.0  10064190 0.0
86.50 1 155.0  10064190 0.0
86.60 1 155.0  10064190 0.0
86.70 1 155.0  10064190 0.0
86.80 1 155.0  10064190 0.0
86.90 1 155.0  10064190 0.0
87.00 1 155.0  10064190 0.0
87.10 1 155.0  10064190 0.0
87.20 1 155.0  10064190 0.0
87.30 1 155.0  10064190 0.0
87.40 1 155.0  10064190 0.0
87.50 1 155.0  10064190 0.0
87.60 1 155.0  10064190 0.0
87.70 1 155.0  10064190 0.0
87.80 1 155.0  10064190 0.0
87.90 1 155.0  10064190 0.0
88.00 1 155.0  10064190 0.0
88.10 1 155.0  10064190 0.0
88.20 1 155.0  10064190 0.0
88.30 1 155.0  10064190 0.0
88.40 1 155.0  10064190 0.0
88.50 1 155.0  10064190 0.0
88.60 1 155.0  10064190 0.0
88.70 1 155.0  10064190 0.0
88.80 1 155.0  10064190 0.0
88.90 1 155.0  10064190 0.0
89.00 1 155.0  10064190 0.0
89.10 1 155.0  10064190 0.0
89.20 1 155.0  10064190 0.0
89.30 1 155.0  10064190 0.0
89.40 1 155.0  10064190 0.0
89.50 1 155.0  10064190 0.0
89.60 1 155.0  10064190 0.0
89.70 1 155.0  10064190 0.0
89.80 1 155.0  10064190 0.0
89.90 1 155.0  10064190 0.0
90.00 1 155.0  10064190 0.0
90.10 1 155.0  10064190 0.0
90.20 1 155.0  10064190 0.0
90.30 1 155.0  10064190 0.0
90.40 1 155.0  10064190 0.0
90.50 1 155.0  10064190 0.0
90.60 1 155.0  10064190 0.0
90.70 1 155.0  10064190 0.0
90.80 1 155.0  10064190 0.0
90.90 1 155.0  10064190 0.0
91.00 1 155.0  10064190 0.0
91.10 1 155.0  10064190 0.0
91.20 1 155.0  10064190 0.0
91.30 1 155.0  10064190 0.0
91.40 1 155.0  10064190 0.0
91.50 1 155.0  10064190 0.0
91.60 1 155.0  10064190 0.0
91.70 1 155.0  10064190 0.0
91.80 1 155.0  10064190 0.0
91.90 1 155.0  10064190 0.0
92.00 1 155.0  10064190 0.0
92.10 1 155.0  10064190 0.0
92.20 1 155.0  10064190 0.0
92.30 1 155.0  10064190 0.0
92.40 1 155.0  10064190 0.0
92.50 1 155.0  10064190 0.0
92.60 1 155.0  10064190 0.0
92.70 1 155.0  10064190 0.0
92.80 1 155.0  10064190 0.0
92.90 1 155.0  10064190 0.0
93.00 1 155.0  10064190 0.0
93.10 1 155.0  10064190 0.0
93.20 1 155.0  10064190 0.0
93.30 1 155.0  10064190 0.0
93.40 1 155.0  10064190 0.0
93.50 1 155.0  10064190 0.0
93.60 1 155.0  10064190 0.0
93.70 1 155.0  10064190 0.0
93.80 1 155.0  10064190 0.0
93.90 1 155.0  10064190 0.0
94.00 1 155.0  10064190 0.0
94.10 1 155.0  10064190 0.0
94.20 1 155.0  10064190 0.0
94.30 1 155.0  10064190 0.0
94.40 1 155.0  10064190 0.0
94.50 1 155.0  10064190 0.0
94.60 1 155.0  10064190 0.0
94.70 1 155.0  10064190 0.0
94.80 1 155.0  10064190 0.0
94.90 1 155.0  10064190 0.0
95.00 1 155.0  10064190 0.0
95.10 1 155.0  10064190 0.0
95.20 1 155.0  10064190 0.0
95.30 1 155.0  10064190 0.0
95.40 1 155.0  10064190 0.0
95.50 1 155.0  10064190 0.0
95.60 1 155.0  10064190 0.0
95.70 1 155.0  10064190 0.0
95.80 1 155.0  10064190 0.0
95.90 1 155.0  10064190 0.0
96.00 1 155.0  10064190 0.0
96.10 1 155.0  10064190 0.0
96.20 1 155.0  10064190 0.0
96.30 1 155.0  10064190 0.0
96.40 1 155.0  10064190 0.0
96.50 1 155.0  10064190 0.0
96.60 1 155.0  10064190 0.0
96.70 1 155.0  10064190 0.0
96.80 1 155.0  10064190 0.0
96.90 1 155.0  10064190 0.0
97.00 1 155.0  10064190 0.0
97.10 1 155.0  10064190 0.0
97.20 1 155.0  10064190 0.0
97.30 1 155.0  10064190 0.0
97.40 1 155.0  10064190 0.0
97.50 1 155.0  10064190 0.0
97.60 1 155.0  10064190 0.0
97.70 1 155.0  10064190 0.0
97.80 1 155.0  10064190 0.0
97.90 1 155.0  10064190 0.0
98.00 1 155.0  10064190 0.0
98.10 1 155.0  10064190 0.0
98.20 1 155.0  10064190 0.0
98.30 1 155.0  10064190 0.0
98.40 1 155.0  10064190 0.0
98.50 1 155.0  10064190 0.0
98.60 1 155.0  10064190 0.0
98.70 1 155.0  10064190 0.0
98.80 1 155.0  10064190 0.0
98.90 1 155.0  10064190 0.0
99.00 1 155.0  10064190 0.0
99.10 1 155.0  10064190 0.0
99.20 1 155.0  10064190 0.0
99.30 1 155.0  10064190 0.0
99.40 1 155.0  10064190 0.0
99.50 1 155.0  10064190 0.0
99.60 1 155.0  10064190 0.0
99.70 1 155.0  10064190 0.0
99.80 1 155.0  10064190 0.0
99.90 1 155.0  10064190 0.0
100.00 1 155.0  10064190 0.0
