------------------------------------------------------------
Client connecting to 10.0.0.2, TCP port 5001
TCP window size: 85.3 KByte (default)
------------------------------------------------------------
[  5] local 10.0.0.1 port 41414 connected with 10.0.0.2 port 5001
[ ID] Interval       Transfer     Bandwidth
[  5]  0.0- 1.0 sec  1.50 MBytes  12.6 Mbits/sec
[  5]  1.0- 2.0 sec  1.25 MBytes  10.5 Mbits/sec
[  5]  2.0- 3.0 sec  1.00 MBytes  8.39 Mbits/sec
[  5]  3.0- 4.0 sec  1.00 MBytes  8.39 Mbits/sec
[  5]  4.0- 5.0 sec   768 KBytes  6.29 Mbits/sec
[  5]  5.0- 6.0 sec   768 KBytes  6.29 Mbits/sec
[  5]  6.0- 7.0 sec   384 KBytes  3.15 Mbits/sec
[  5]  7.0- 8.0 sec   512 KBytes  4.19 Mbits/sec
[  5]  8.0- 9.0 sec   512 KBytes  4.19 Mbits/sec
[  5]  9.0-10.0 sec   128 KBytes  1.05 Mbits/sec
[  5] 10.0-11.0 sec   128 KBytes  1.05 Mbits/sec
[  5] 11.0-12.0 sec   128 KBytes  1.05 Mbits/sec
[  5] 12.0-13.0 sec   512 KBytes  4.19 Mbits/sec
[  5] 13.0-14.0 sec   512 KBytes  4.19 Mbits/sec
[  5] 14.0-15.0 sec   384 KBytes  3.15 Mbits/sec
[  5] 15.0-16.0 sec   768 KBytes  6.29 Mbits/sec
[  5] 16.0-17.0 sec   768 KBytes  6.29 Mbits/sec
[  5] 17.0-18.0 sec  1.00 MBytes  8.39 Mbits/sec
[  5] 18.0-19.0 sec   896 KBytes  7.34 Mbits/sec
[  5] 19.0-20.0 sec  1.25 MBytes  10.5 Mbits/sec
[  5]  0.0-20.3 sec  14.1 MBytes  5.83 Mbits/sec
