------------------------------------------------------------
Client connecting to 10.0.0.2, TCP port 5001
TCP window size: 85.3 KByte (default)
------------------------------------------------------------
[  5] local 10.0.0.1 port 41848 connected with 10.0.0.2 port 5001
[ ID] Interval       Transfer     Bandwidth
[  5]  0.0- 0.8 sec  1.25 MBytes  14.0 Mbits/sec
[  5]  0.8- 1.5 sec   896 KBytes  9.79 Mbits/sec
[  5]  1.5- 2.2 sec   768 KBytes  8.39 Mbits/sec
[  5]  2.2- 3.0 sec   768 KBytes  8.39 Mbits/sec
[  5]  3.0- 3.8 sec   640 KBytes  6.99 Mbits/sec
[  5]  3.8- 4.5 sec   512 KBytes  5.59 Mbits/sec
[  5]  4.5- 5.2 sec   384 KBytes  4.19 Mbits/sec
[  5]  5.2- 6.0 sec   384 KBytes  4.19 Mbits/sec
[  5]  6.0- 6.8 sec   256 KBytes  2.80 Mbits/sec
[  5]  6.8- 7.5 sec   128 KBytes  1.40 Mbits/sec
[  5]  7.5- 8.2 sec   128 KBytes  1.40 Mbits/sec
[  5]  8.2- 9.0 sec   256 KBytes  2.80 Mbits/sec
[  5]  9.0- 9.8 sec   256 KBytes  2.80 Mbits/sec
[  5]  9.8-10.5 sec   256 KBytes  2.80 Mbits/sec
[  5] 10.5-11.2 sec   512 KBytes  5.59 Mbits/sec
[  5] 11.2-12.0 sec   512 KBytes  5.59 Mbits/sec
[  5] 12.0-12.8 sec   512 KBytes  5.59 Mbits/sec
[  5] 12.8-13.5 sec   640 KBytes  6.99 Mbits/sec
[  5] 13.5-14.2 sec   896 KBytes  9.79 Mbits/sec
[  5] 14.2-15.0 sec   768 KBytes  8.39 Mbits/sec
[  5]  0.0-15.2 sec  10.6 MBytes  5.85 Mbits/sec
