------------------------------------------------------------
Client connecting to 10.0.0.2, TCP port 5001
TCP window size: 85.3 KByte (default)
------------------------------------------------------------
[  5] local 10.0.0.1 port 39864 connected with 10.0.0.2 port 5001
[ ID] Interval       Transfer     Bandwidth
[  5]  0.0- 5.0 sec  6.00 MBytes  10.1 Mbits/sec
[  5]  5.0-10.0 sec  5.75 MBytes  9.65 Mbits/sec
[  5] 10.0-15.0 sec  5.25 MBytes  8.81 Mbits/sec
[  5] 15.0-20.0 sec  4.62 MBytes  7.76 Mbits/sec
[  5] 20.0-25.0 sec  3.88 MBytes  6.50 Mbits/sec
[  5] 25.0-30.0 sec  3.38 MBytes  5.66 Mbits/sec
[  5] 30.0-35.0 sec  2.88 MBytes  4.82 Mbits/sec
[  5] 35.0-40.0 sec  2.38 MBytes  3.98 Mbits/sec
[  5] 40.0-45.0 sec  1.62 MBytes  2.73 Mbits/sec
[  5] 45.0-50.0 sec  1.25 MBytes  2.10 Mbits/sec
[  5] 50.0-55.0 sec   512 KBytes   839 Kbits/sec
[  5] 55.0-60.0 sec  1.12 MBytes  1.89 Mbits/sec
[  5] 60.0-65.0 sec  1.75 MBytes  2.94 Mbits/sec
[  5] 65.0-70.0 sec  2.25 MBytes  3.77 Mbits/sec
[  5] 70.0-75.0 sec  2.75 MBytes  4.61 Mbits/sec
[  5] 75.0-80.0 sec  3.50 MBytes  5.87 Mbits/sec
[  5] 80.0-85.0 sec  4.00 MBytes  6.71 Mbits/sec
[  5] 85.0-90.0 sec  4.50 MBytes  7.55 Mbits/sec
[  5] 90.0-95.0 sec  5.12 MBytes  8.60 Mbits/sec
[  5] 95.0-100.0 sec  5.75 MBytes  9.65 Mbits/sec
[  5]  0.0-100.3 sec  68.4 MBytes  5.72 Mbits/sec

